TN:
SF:.mocharcAllure.js
FNF:0
FNH:0
DA:3,0
LF:1
LH:0
BRF:0
BRH:0
end_of_record
TN:
SF:.mocharcMochawesome.js
FNF:0
FNH:0
DA:3,0
LF:1
LH:0
BRF:0
BRH:0
end_of_record
TN:
SF:allure-report\app.js
FN:1,(anonymous_0)
FN:1,__webpack_require__
FN:1,(anonymous_2)
FN:1,(anonymous_3)
FN:1,(anonymous_4)
FN:1,(anonymous_5)
FN:1,(anonymous_6)
FN:1,(anonymous_7)
FN:1,(anonymous_8)
FN:1,(anonymous_9)
FN:1,(anonymous_10)
FN:1,_getPrototypeOf
FN:1,(anonymous_12)
FN:1,(anonymous_13)
FN:1,(anonymous_14)
FN:1,(anonymous_15)
FN:1,(anonymous_16)
FN:1,(anonymous_17)
FN:1,behavior
FN:1,(anonymous_19)
FN:1,className
FN:1,(anonymous_21)
FN:1,regions
FN:1,(anonymous_23)
FN:1,options
FN:1,(anonymous_25)
FN:1,(anonymous_26)
FN:1,(anonymous_27)
FN:1,(anonymous_28)
FN:1,(anonymous_29)
FN:1,_defineProperties
FN:1,(anonymous_31)
FN:1,(anonymous_32)
FN:1,(anonymous_33)
FN:1,(anonymous_34)
FN:1,(anonymous_35)
FN:1,(anonymous_36)
FN:1,(anonymous_37)
FN:1,(anonymous_38)
FN:1,(anonymous_39)
FN:1,(anonymous_40)
FN:1,(anonymous_41)
FN:1,translate
FN:1,(anonymous_43)
FN:1,(anonymous_44)
FN:1,(anonymous_45)
FN:1,(anonymous_46)
FN:1,(anonymous_47)
FN:1,(anonymous_48)
FN:1,deprecate
FN:1,(anonymous_50)
FN:1,(anonymous_51)
FN:1,(anonymous_52)
FN:1,(anonymous_53)
FN:1,(anonymous_54)
FN:1,(anonymous_55)
FN:1,(anonymous_56)
FN:1,getEventName
FN:1,(anonymous_58)
FN:1,triggerMethod$1
FN:1,triggerMethodOn
FN:1,triggerMethodChildren
FN:1,(anonymous_62)
FN:1,shouldTriggerAttach
FN:1,shouldAttach
FN:1,shouldTriggerDetach
FN:1,shouldDetach
FN:1,triggerDOMRefresh
FN:1,triggerDOMRemove
FN:1,handleBeforeAttach
FN:1,handleAttach
FN:1,handleBeforeDetach
FN:1,handleDetach
FN:1,handleBeforeRender
FN:1,handleRender
FN:1,monitorViewEvents
FN:1,(anonymous_76)
FN:1,(anonymous_77)
FN:1,(anonymous_78)
FN:1,iterateEvents
FN:1,(anonymous_80)
FN:1,(anonymous_81)
FN:1,(anonymous_82)
FN:1,bindEvents
FN:1,unbindEvents
FN:1,iterateReplies
FN:1,bindRequests
FN:1,unbindRequests
FN:1,(anonymous_88)
FN:1,(anonymous_89)
FN:1,(anonymous_90)
FN:1,(anonymous_91)
FN:1,(anonymous_92)
FN:1,(anonymous_93)
FN:1,(anonymous_94)
FN:1,(anonymous_95)
FN:1,(anonymous_96)
FN:1,(anonymous_97)
FN:1,(anonymous_98)
FN:1,(anonymous_99)
FN:1,(anonymous_100)
FN:1,(anonymous_101)
FN:1,(anonymous_102)
FN:1,(anonymous_103)
FN:1,(anonymous_104)
FN:1,(anonymous_105)
FN:1,(anonymous_106)
FN:1,(anonymous_107)
FN:1,(anonymous_108)
FN:1,(anonymous_109)
FN:1,(anonymous_110)
FN:1,parseBehaviors
FN:1,(anonymous_112)
FN:1,(anonymous_113)
FN:1,(anonymous_114)
FN:1,(anonymous_115)
FN:1,(anonymous_116)
FN:1,(anonymous_117)
FN:1,(anonymous_118)
FN:1,(anonymous_119)
FN:1,(anonymous_120)
FN:1,(anonymous_121)
FN:1,(anonymous_122)
FN:1,(anonymous_123)
FN:1,(anonymous_124)
FN:1,(anonymous_125)
FN:1,(anonymous_126)
FN:1,(anonymous_127)
FN:1,(anonymous_128)
FN:1,(anonymous_129)
FN:1,(anonymous_130)
FN:1,(anonymous_131)
FN:1,isEnabled
FN:1,(anonymous_133)
FN:1,(anonymous_134)
FN:1,(anonymous_135)
FN:1,(anonymous_136)
FN:1,(anonymous_137)
FN:1,(anonymous_138)
FN:1,(anonymous_139)
FN:1,(anonymous_140)
FN:1,(anonymous_141)
FN:1,(anonymous_142)
FN:1,(anonymous_143)
FN:1,_normalizeUIValues
FN:1,(anonymous_145)
FN:1,(anonymous_146)
FN:1,(anonymous_147)
FN:1,(anonymous_148)
FN:1,(anonymous_149)
FN:1,(anonymous_150)
FN:1,(anonymous_151)
FN:1,(anonymous_152)
FN:1,(anonymous_153)
FN:1,(anonymous_154)
FN:1,(anonymous_155)
FN:1,(anonymous_156)
FN:1,(anonymous_157)
FN:1,(anonymous_158)
FN:1,(anonymous_159)
FN:1,(anonymous_160)
FN:1,(anonymous_161)
FN:1,(anonymous_162)
FN:1,(anonymous_163)
FN:1,(anonymous_164)
FN:1,(anonymous_165)
FN:1,(anonymous_166)
FN:1,(anonymous_167)
FN:1,(anonymous_168)
FN:1,(anonymous_169)
FN:1,destroyBackboneView
FN:1,(anonymous_171)
FN:1,(anonymous_172)
FN:1,(anonymous_173)
FN:1,(anonymous_174)
FN:1,(anonymous_175)
FN:1,(anonymous_176)
FN:1,(anonymous_177)
FN:1,(anonymous_178)
FN:1,(anonymous_179)
FN:1,(anonymous_180)
FN:1,(anonymous_181)
FN:1,(anonymous_182)
FN:1,(anonymous_183)
FN:1,(anonymous_184)
FN:1,(anonymous_185)
FN:1,(anonymous_186)
FN:1,(anonymous_187)
FN:1,(anonymous_188)
FN:1,(anonymous_189)
FN:1,(anonymous_190)
FN:1,(anonymous_191)
FN:1,(anonymous_192)
FN:1,(anonymous_193)
FN:1,(anonymous_194)
FN:1,(anonymous_195)
FN:1,(anonymous_196)
FN:1,(anonymous_197)
FN:1,(anonymous_198)
FN:1,(anonymous_199)
FN:1,buildRegionFromObject
FN:1,(anonymous_201)
FN:1,(anonymous_202)
FN:1,(anonymous_203)
FN:1,(anonymous_204)
FN:1,(anonymous_205)
FN:1,(anonymous_206)
FN:1,(anonymous_207)
FN:1,(anonymous_208)
FN:1,(anonymous_209)
FN:1,(anonymous_210)
FN:1,(anonymous_211)
FN:1,(anonymous_212)
FN:1,(anonymous_213)
FN:1,(anonymous_214)
FN:1,(anonymous_215)
FN:1,(anonymous_216)
FN:1,(anonymous_217)
FN:1,(anonymous_218)
FN:1,(anonymous_219)
FN:1,(anonymous_220)
FN:1,(anonymous_221)
FN:1,(anonymous_222)
FN:1,(anonymous_223)
FN:1,(anonymous_224)
FN:1,(anonymous_225)
FN:1,(anonymous_226)
FN:1,(anonymous_227)
FN:1,(anonymous_228)
FN:1,(anonymous_229)
FN:1,(anonymous_230)
FN:1,(anonymous_231)
FN:1,(anonymous_232)
FN:1,(anonymous_233)
FN:1,(anonymous_234)
FN:1,(anonymous_235)
FN:1,(anonymous_236)
FN:1,(anonymous_237)
FN:1,(anonymous_238)
FN:1,(anonymous_239)
FN:1,(anonymous_240)
FN:1,(anonymous_241)
FN:1,(anonymous_242)
FN:1,(anonymous_243)
FN:1,(anonymous_244)
FN:1,(anonymous_245)
FN:1,(anonymous_246)
FN:1,(anonymous_247)
FN:1,(anonymous_248)
FN:1,(anonymous_249)
FN:1,(anonymous_250)
FN:1,(anonymous_251)
FN:1,(anonymous_252)
FN:1,(anonymous_253)
FN:1,(anonymous_254)
FN:1,(anonymous_255)
FN:1,(anonymous_256)
FN:1,(anonymous_257)
FN:1,(anonymous_258)
FN:1,(anonymous_259)
FN:1,(anonymous_260)
FN:1,(anonymous_261)
FN:1,(anonymous_262)
FN:1,(anonymous_263)
FN:1,(anonymous_264)
FN:1,(anonymous_265)
FN:1,(anonymous_266)
FN:1,(anonymous_267)
FN:1,(anonymous_268)
FN:1,(anonymous_269)
FN:1,(anonymous_270)
FN:1,(anonymous_271)
FN:1,(anonymous_272)
FN:1,(anonymous_273)
FN:1,(anonymous_274)
FN:1,(anonymous_275)
FN:1,(anonymous_276)
FN:1,(anonymous_277)
FN:1,(anonymous_278)
FN:1,(anonymous_279)
FN:1,(anonymous_280)
FN:1,(anonymous_281)
FN:1,(anonymous_282)
FN:1,(anonymous_283)
FN:1,(anonymous_284)
FN:1,(anonymous_285)
FN:1,(anonymous_286)
FN:1,(anonymous_287)
FN:1,(anonymous_288)
FN:1,(anonymous_289)
FN:1,(anonymous_290)
FN:1,(anonymous_291)
FN:1,(anonymous_292)
FN:1,(anonymous_293)
FN:1,(anonymous_294)
FN:1,(anonymous_295)
FN:1,(anonymous_296)
FN:1,(anonymous_297)
FN:1,(anonymous_298)
FN:1,(anonymous_299)
FN:1,(anonymous_300)
FN:1,(anonymous_301)
FN:1,(anonymous_302)
FN:1,(anonymous_303)
FN:1,(anonymous_304)
FN:1,(anonymous_305)
FN:1,(anonymous_306)
FN:1,(anonymous_307)
FN:1,(anonymous_308)
FN:1,(anonymous_309)
FN:1,(anonymous_310)
FN:1,(anonymous_311)
FN:1,(anonymous_312)
FN:1,(anonymous_313)
FN:1,(anonymous_314)
FN:1,(anonymous_315)
FN:1,stringComparator
FN:1,(anonymous_317)
FN:1,(anonymous_318)
FN:1,(anonymous_319)
FN:1,(anonymous_320)
FN:1,(anonymous_321)
FN:1,(anonymous_322)
FN:1,(anonymous_323)
FN:1,(anonymous_324)
FN:1,(anonymous_325)
FN:1,(anonymous_326)
FN:1,(anonymous_327)
FN:1,(anonymous_328)
FN:1,(anonymous_329)
FN:1,(anonymous_330)
FN:1,(anonymous_331)
FN:1,(anonymous_332)
FN:1,(anonymous_333)
FN:1,(anonymous_334)
FN:1,(anonymous_335)
FN:1,(anonymous_336)
FN:1,(anonymous_337)
FN:1,(anonymous_338)
FN:1,(anonymous_339)
FN:1,(anonymous_340)
FN:1,(anonymous_341)
FN:1,(anonymous_342)
FN:1,(anonymous_343)
FN:1,(anonymous_344)
FN:1,(anonymous_345)
FN:1,(anonymous_346)
FN:1,(anonymous_347)
FN:1,(anonymous_348)
FN:1,(anonymous_349)
FN:1,(anonymous_350)
FN:1,(anonymous_351)
FN:1,(anonymous_352)
FN:1,(anonymous_353)
FN:1,(anonymous_354)
FN:1,(anonymous_355)
FN:1,(anonymous_356)
FN:1,(anonymous_357)
FN:1,(anonymous_358)
FN:1,(anonymous_359)
FN:1,(anonymous_360)
FN:1,(anonymous_361)
FN:1,(anonymous_362)
FN:1,(anonymous_363)
FN:1,(anonymous_364)
FN:1,(anonymous_365)
FN:1,(anonymous_366)
FN:1,(anonymous_367)
FN:1,(anonymous_368)
FN:1,(anonymous_369)
FN:1,(anonymous_370)
FN:1,(anonymous_371)
FN:1,(anonymous_372)
FN:1,(anonymous_373)
FN:1,(anonymous_374)
FN:1,(anonymous_375)
FN:1,(anonymous_376)
FN:1,(anonymous_377)
FN:1,(anonymous_378)
FN:1,(anonymous_379)
FN:1,(anonymous_380)
FN:1,(anonymous_381)
FN:1,(anonymous_382)
FN:1,(anonymous_383)
FN:1,(anonymous_384)
FN:1,(anonymous_385)
FN:1,(anonymous_386)
FN:1,(anonymous_387)
FN:1,(anonymous_388)
FN:1,(anonymous_389)
FN:1,(anonymous_390)
FN:1,(anonymous_391)
FN:1,(anonymous_392)
FN:1,(anonymous_393)
FN:1,(anonymous_394)
FN:1,(anonymous_395)
FN:1,(anonymous_396)
FN:1,(anonymous_397)
FN:1,(anonymous_398)
FN:1,(anonymous_399)
FN:1,(anonymous_400)
FN:1,(anonymous_401)
FN:1,(anonymous_402)
FN:1,(anonymous_403)
FN:1,(anonymous_404)
FN:1,(anonymous_405)
FN:1,(anonymous_406)
FN:1,(anonymous_407)
FN:1,(anonymous_408)
FN:1,(anonymous_409)
FN:1,(anonymous_410)
FN:1,(anonymous_411)
FN:1,(anonymous_412)
FN:1,(anonymous_413)
FN:1,(anonymous_414)
FN:1,(anonymous_415)
FN:1,(anonymous_416)
FN:1,(anonymous_417)
FN:1,(anonymous_418)
FN:1,(anonymous_419)
FN:1,(anonymous_420)
FN:1,(anonymous_421)
FN:1,(anonymous_422)
FN:1,(anonymous_423)
FN:1,(anonymous_424)
FN:1,(anonymous_425)
FN:1,(anonymous_426)
FN:1,(anonymous_427)
FN:1,(anonymous_428)
FN:1,(anonymous_429)
FN:1,(anonymous_430)
FN:1,(anonymous_431)
FN:1,(anonymous_432)
FN:1,(anonymous_433)
FN:1,(anonymous_434)
FN:1,(anonymous_435)
FN:1,(anonymous_436)
FN:1,(anonymous_437)
FN:1,(anonymous_438)
FN:1,(anonymous_439)
FN:1,(anonymous_440)
FN:1,(anonymous_441)
FN:1,(anonymous_442)
FN:1,(anonymous_443)
FN:1,(anonymous_444)
FN:1,(anonymous_445)
FN:1,(anonymous_446)
FN:1,(anonymous_447)
FN:1,(anonymous_448)
FN:1,(anonymous_449)
FN:1,(anonymous_450)
FN:1,(anonymous_451)
FN:1,(anonymous_452)
FN:1,(anonymous_453)
FN:1,(anonymous_454)
FN:1,(anonymous_455)
FN:1,(anonymous_456)
FN:1,(anonymous_457)
FN:1,(anonymous_458)
FN:1,(anonymous_459)
FN:1,(anonymous_460)
FN:1,(anonymous_461)
FN:1,(anonymous_462)
FN:1,(anonymous_463)
FN:1,(anonymous_464)
FN:1,(anonymous_465)
FN:1,(anonymous_466)
FN:1,(anonymous_467)
FN:1,(anonymous_468)
FN:1,(anonymous_469)
FN:1,(anonymous_470)
FN:1,(anonymous_471)
FN:1,(anonymous_472)
FN:1,(anonymous_473)
FN:1,(anonymous_474)
FN:1,(anonymous_475)
FN:1,(anonymous_476)
FN:1,(anonymous_477)
FN:1,(anonymous_478)
FN:1,(anonymous_479)
FN:1,(anonymous_480)
FN:1,(anonymous_481)
FN:1,(anonymous_482)
FN:1,(anonymous_483)
FN:1,(anonymous_484)
FN:1,(anonymous_485)
FN:1,(anonymous_486)
FN:1,(anonymous_487)
FN:1,(anonymous_488)
FN:1,(anonymous_489)
FN:1,(anonymous_490)
FN:1,(anonymous_491)
FN:1,(anonymous_492)
FN:1,(anonymous_493)
FN:1,(anonymous_494)
FN:1,(anonymous_495)
FN:1,(anonymous_496)
FN:1,(anonymous_497)
FN:1,(anonymous_498)
FN:1,(anonymous_499)
FN:1,(anonymous_500)
FN:1,(anonymous_501)
FN:1,(anonymous_502)
FN:1,(anonymous_503)
FN:1,(anonymous_504)
FN:1,(anonymous_505)
FN:1,(anonymous_506)
FN:1,(anonymous_507)
FN:1,(anonymous_508)
FN:1,(anonymous_509)
FN:1,(anonymous_510)
FN:1,(anonymous_511)
FN:1,(anonymous_512)
FN:1,(anonymous_513)
FN:1,(anonymous_514)
FN:1,(anonymous_515)
FN:1,(anonymous_516)
FN:1,(anonymous_517)
FN:1,(anonymous_518)
FN:1,(anonymous_519)
FN:1,(anonymous_520)
FN:1,(anonymous_521)
FN:1,(anonymous_522)
FN:1,(anonymous_523)
FN:1,(anonymous_524)
FN:1,(anonymous_525)
FN:1,(anonymous_526)
FN:1,(anonymous_527)
FN:1,(anonymous_528)
FN:1,(anonymous_529)
FN:1,(anonymous_530)
FN:1,(anonymous_531)
FN:1,(anonymous_532)
FN:1,(anonymous_533)
FN:1,(anonymous_534)
FN:1,(anonymous_535)
FN:1,(anonymous_536)
FN:1,(anonymous_537)
FN:1,(anonymous_538)
FN:1,(anonymous_539)
FN:1,(anonymous_540)
FN:1,(anonymous_541)
FN:1,(anonymous_542)
FN:1,(anonymous_543)
FN:1,(anonymous_544)
FN:1,(anonymous_545)
FN:1,(anonymous_546)
FN:1,(anonymous_547)
FN:1,(anonymous_548)
FN:1,(anonymous_549)
FN:1,(anonymous_550)
FN:1,(anonymous_551)
FN:1,(anonymous_552)
FN:1,(anonymous_553)
FN:1,(anonymous_554)
FN:1,(anonymous_555)
FN:1,(anonymous_556)
FN:1,(anonymous_557)
FN:1,(anonymous_558)
FN:1,(anonymous_559)
FN:1,(anonymous_560)
FN:1,(anonymous_561)
FN:1,(anonymous_562)
FN:1,(anonymous_563)
FN:1,(anonymous_564)
FN:1,(anonymous_565)
FN:1,(anonymous_566)
FN:1,(anonymous_567)
FN:1,(anonymous_568)
FN:1,(anonymous_569)
FN:1,(anonymous_570)
FN:1,(anonymous_571)
FN:1,(anonymous_572)
FN:1,(anonymous_573)
FN:1,(anonymous_574)
FN:1,(anonymous_575)
FN:1,(anonymous_576)
FN:1,(anonymous_577)
FN:1,(anonymous_578)
FN:1,(anonymous_579)
FN:1,(anonymous_580)
FN:1,(anonymous_581)
FN:1,(anonymous_582)
FN:1,(anonymous_583)
FN:1,(anonymous_584)
FN:1,(anonymous_585)
FN:1,(anonymous_586)
FN:1,(anonymous_587)
FN:1,(anonymous_588)
FN:1,(anonymous_589)
FN:1,(anonymous_590)
FN:1,(anonymous_591)
FN:1,(anonymous_592)
FN:1,(anonymous_593)
FN:1,(anonymous_594)
FN:1,(anonymous_595)
FN:1,(anonymous_596)
FN:1,(anonymous_597)
FN:1,(anonymous_598)
FN:1,(anonymous_599)
FN:1,(anonymous_600)
FN:1,(anonymous_601)
FN:1,(anonymous_602)
FN:1,createReduce
FN:1,iterator
FN:1,(anonymous_605)
FN:1,(anonymous_606)
FN:1,(anonymous_607)
FN:1,(anonymous_608)
FN:1,(anonymous_609)
FN:1,(anonymous_610)
FN:1,(anonymous_611)
FN:1,(anonymous_612)
FN:1,(anonymous_613)
FN:1,(anonymous_614)
FN:1,(anonymous_615)
FN:1,(anonymous_616)
FN:1,(anonymous_617)
FN:1,(anonymous_618)
FN:1,(anonymous_619)
FN:1,(anonymous_620)
FN:1,(anonymous_621)
FN:1,(anonymous_622)
FN:1,(anonymous_623)
FN:1,(anonymous_624)
FN:1,(anonymous_625)
FN:1,(anonymous_626)
FN:1,(anonymous_627)
FN:1,(anonymous_628)
FN:1,(anonymous_629)
FN:1,(anonymous_630)
FN:1,(anonymous_631)
FN:1,(anonymous_632)
FN:1,(anonymous_633)
FN:1,(anonymous_634)
FN:1,(anonymous_635)
FN:1,(anonymous_636)
FN:1,(anonymous_637)
FN:1,(anonymous_638)
FN:1,(anonymous_639)
FN:1,(anonymous_640)
FN:1,(anonymous_641)
FN:1,(anonymous_642)
FN:1,(anonymous_643)
FN:1,(anonymous_644)
FN:1,createPredicateIndexFinder
FN:1,(anonymous_646)
FN:1,createIndexFinder
FN:1,(anonymous_648)
FN:1,(anonymous_649)
FN:1,(anonymous_650)
FN:1,(anonymous_651)
FN:1,(anonymous_652)
FN:1,(anonymous_653)
FN:1,(anonymous_654)
FN:1,(anonymous_655)
FN:1,(anonymous_656)
FN:1,(anonymous_657)
FN:1,(anonymous_658)
FN:1,(anonymous_659)
FN:1,(anonymous_660)
FN:1,(anonymous_661)
FN:1,(anonymous_662)
FN:1,(anonymous_663)
FN:1,(anonymous_664)
FN:1,(anonymous_665)
FN:1,(anonymous_666)
FN:1,(anonymous_667)
FN:1,(anonymous_668)
FN:1,(anonymous_669)
FN:1,(anonymous_670)
FN:1,(anonymous_671)
FN:1,(anonymous_672)
FN:1,(anonymous_673)
FN:1,(anonymous_674)
FN:1,(anonymous_675)
FN:1,(anonymous_676)
FN:1,(anonymous_677)
FN:1,(anonymous_678)
FN:1,(anonymous_679)
FN:1,(anonymous_680)
FN:1,(anonymous_681)
FN:1,(anonymous_682)
FN:1,(anonymous_683)
FN:1,(anonymous_684)
FN:1,(anonymous_685)
FN:1,collectNonEnumProps
FN:1,(anonymous_687)
FN:1,(anonymous_688)
FN:1,(anonymous_689)
FN:1,(anonymous_690)
FN:1,(anonymous_691)
FN:1,(anonymous_692)
FN:1,(anonymous_693)
FN:1,(anonymous_694)
FN:1,(anonymous_695)
FN:1,(anonymous_696)
FN:1,(anonymous_697)
FN:1,(anonymous_698)
FN:1,(anonymous_699)
FN:1,(anonymous_700)
FN:1,(anonymous_701)
FN:1,(anonymous_702)
FN:1,(anonymous_703)
FN:1,(anonymous_704)
FN:1,(anonymous_705)
FN:1,(anonymous_706)
FN:1,(anonymous_707)
FN:1,(anonymous_708)
FN:1,(anonymous_709)
FN:1,(anonymous_710)
FN:1,(anonymous_711)
FN:1,(anonymous_712)
FN:1,(anonymous_713)
FN:1,(anonymous_714)
FN:1,(anonymous_715)
FN:1,(anonymous_716)
FN:1,(anonymous_717)
FN:1,(anonymous_718)
FN:1,(anonymous_719)
FN:1,(anonymous_720)
FN:1,(anonymous_721)
FN:1,(anonymous_722)
FN:1,(anonymous_723)
FN:1,(anonymous_724)
FN:1,(anonymous_725)
FN:1,(anonymous_726)
FN:1,(anonymous_727)
FN:1,(anonymous_728)
FN:1,(anonymous_729)
FN:1,(anonymous_730)
FN:1,(anonymous_731)
FN:1,(anonymous_732)
FN:1,(anonymous_733)
FN:1,(anonymous_734)
FN:1,(anonymous_735)
FN:1,(anonymous_736)
FN:1,(anonymous_737)
FN:1,(anonymous_738)
FN:1,(anonymous_739)
FN:1,(anonymous_740)
FN:1,(anonymous_741)
FN:1,(anonymous_742)
FN:1,(anonymous_743)
FN:1,(anonymous_744)
FN:1,(anonymous_745)
FN:1,(anonymous_746)
FN:1,(anonymous_747)
FN:1,(anonymous_748)
FN:1,(anonymous_749)
FN:1,(anonymous_750)
FN:1,(anonymous_751)
FN:1,(anonymous_752)
FN:1,(anonymous_753)
FN:14,(anonymous_754)
FN:14,(anonymous_755)
FN:14,(anonymous_756)
FN:14,(anonymous_757)
FN:14,(anonymous_758)
FN:14,(anonymous_759)
FN:14,(anonymous_760)
FN:14,DOMEval
FN:14,toType
FN:14,(anonymous_763)
FN:14,isArrayLike
FN:14,(anonymous_765)
FN:14,(anonymous_766)
FN:14,(anonymous_767)
FN:14,(anonymous_768)
FN:14,(anonymous_769)
FN:14,(anonymous_770)
FN:14,(anonymous_771)
FN:14,(anonymous_772)
FN:14,(anonymous_773)
FN:14,(anonymous_774)
FN:14,(anonymous_775)
FN:14,(anonymous_776)
FN:14,(anonymous_777)
FN:14,(anonymous_778)
FN:14,(anonymous_779)
FN:14,(anonymous_780)
FN:14,(anonymous_781)
FN:14,(anonymous_782)
FN:14,(anonymous_783)
FN:14,(anonymous_784)
FN:14,(anonymous_785)
FN:14,(anonymous_786)
FN:14,(anonymous_787)
FN:14,(anonymous_788)
FN:14,(anonymous_789)
FN:14,(anonymous_790)
FN:14,(anonymous_791)
FN:14,(anonymous_792)
FN:25,(anonymous_793)
FN:25,(anonymous_794)
FN:25,(anonymous_795)
FN:25,(anonymous_796)
FN:25,(anonymous_797)
FN:25,(anonymous_798)
FN:25,(anonymous_799)
FN:25,(anonymous_800)
FN:25,(anonymous_801)
FN:25,Sizzle
FN:25,createCache
FN:25,cache
FN:25,markFunction
FN:25,assert
FN:25,addHandle
FN:25,siblingCheck
FN:25,createInputPseudo
FN:25,(anonymous_810)
FN:25,createButtonPseudo
FN:25,(anonymous_812)
FN:25,createDisabledPseudo
FN:25,(anonymous_814)
FN:25,createPositionalPseudo
FN:25,(anonymous_816)
FN:25,(anonymous_817)
FN:25,testContext
FN:25,(anonymous_819)
FN:25,(anonymous_820)
FN:25,(anonymous_821)
FN:25,(anonymous_822)
FN:25,(anonymous_823)
FN:25,(anonymous_824)
FN:25,(anonymous_825)
FN:25,(anonymous_826)
FN:25,(anonymous_827)
FN:25,(anonymous_828)
FN:25,(anonymous_829)
FN:25,(anonymous_830)
FN:25,(anonymous_831)
FN:25,(anonymous_832)
FN:25,(anonymous_833)
FN:25,(anonymous_834)
FN:25,(anonymous_835)
FN:25,(anonymous_836)
FN:25,(anonymous_837)
FN:25,(anonymous_838)
FN:25,(anonymous_839)
FN:25,(anonymous_840)
FN:25,(anonymous_841)
FN:25,(anonymous_842)
FN:25,(anonymous_843)
FN:25,(anonymous_844)
FN:25,(anonymous_845)
FN:25,(anonymous_846)
FN:25,(anonymous_847)
FN:25,(anonymous_848)
FN:25,(anonymous_849)
FN:25,(anonymous_850)
FN:25,(anonymous_851)
FN:25,(anonymous_852)
FN:25,(anonymous_853)
FN:25,(anonymous_854)
FN:25,(anonymous_855)
FN:25,(anonymous_856)
FN:25,(anonymous_857)
FN:25,(anonymous_858)
FN:25,(anonymous_859)
FN:25,(anonymous_860)
FN:25,(anonymous_861)
FN:25,(anonymous_862)
FN:25,(anonymous_863)
FN:25,(anonymous_864)
FN:25,(anonymous_865)
FN:25,(anonymous_866)
FN:25,(anonymous_867)
FN:25,(anonymous_868)
FN:25,(anonymous_869)
FN:25,(anonymous_870)
FN:25,(anonymous_871)
FN:25,(anonymous_872)
FN:25,(anonymous_873)
FN:25,(anonymous_874)
FN:25,(anonymous_875)
FN:25,(anonymous_876)
FN:25,(anonymous_877)
FN:25,(anonymous_878)
FN:25,(anonymous_879)
FN:25,(anonymous_880)
FN:25,(anonymous_881)
FN:25,(anonymous_882)
FN:25,(anonymous_883)
FN:25,(anonymous_884)
FN:25,(anonymous_885)
FN:25,(anonymous_886)
FN:25,(anonymous_887)
FN:25,(anonymous_888)
FN:25,(anonymous_889)
FN:25,(anonymous_890)
FN:25,(anonymous_891)
FN:25,setFilters
FN:25,toSelector
FN:25,addCombinator
FN:25,(anonymous_895)
FN:25,(anonymous_896)
FN:25,elementMatcher
FN:25,(anonymous_898)
FN:25,condense
FN:25,setMatcher
FN:25,(anonymous_901)
FN:25,(anonymous_902)
FN:25,matcherFromTokens
FN:25,(anonymous_904)
FN:25,(anonymous_905)
FN:25,(anonymous_906)
FN:25,(anonymous_907)
FN:25,(anonymous_908)
FN:25,(anonymous_909)
FN:25,(anonymous_910)
FN:25,(anonymous_911)
FN:25,(anonymous_912)
FN:25,(anonymous_913)
FN:25,(anonymous_914)
FN:25,(anonymous_915)
FN:25,(anonymous_916)
FN:25,(anonymous_917)
FN:25,(anonymous_918)
FN:25,(anonymous_919)
FN:25,(anonymous_920)
FN:25,nodeName
FN:25,winnow
FN:25,(anonymous_923)
FN:25,(anonymous_924)
FN:25,(anonymous_925)
FN:25,(anonymous_926)
FN:25,(anonymous_927)
FN:25,(anonymous_928)
FN:25,(anonymous_929)
FN:25,(anonymous_930)
FN:25,(anonymous_931)
FN:25,(anonymous_932)
FN:25,(anonymous_933)
FN:25,sibling
FN:25,(anonymous_935)
FN:25,(anonymous_936)
FN:25,(anonymous_937)
FN:25,(anonymous_938)
FN:25,(anonymous_939)
FN:25,(anonymous_940)
FN:25,(anonymous_941)
FN:25,(anonymous_942)
FN:25,(anonymous_943)
FN:25,(anonymous_944)
FN:25,(anonymous_945)
FN:25,(anonymous_946)
FN:25,(anonymous_947)
FN:25,(anonymous_948)
FN:25,(anonymous_949)
FN:25,(anonymous_950)
FN:25,(anonymous_951)
FN:25,(anonymous_952)
FN:25,(anonymous_953)
FN:25,(anonymous_954)
FN:25,Identity
FN:25,Thrower
FN:25,adoptValue
FN:25,(anonymous_958)
FN:25,(anonymous_959)
FN:25,(anonymous_960)
FN:25,(anonymous_961)
FN:25,(anonymous_962)
FN:25,add
FN:25,(anonymous_964)
FN:25,(anonymous_965)
FN:25,(anonymous_966)
FN:25,(anonymous_967)
FN:25,(anonymous_968)
FN:25,(anonymous_969)
FN:25,(anonymous_970)
FN:25,(anonymous_971)
FN:25,(anonymous_972)
FN:25,(anonymous_973)
FN:25,(anonymous_974)
FN:25,(anonymous_975)
FN:25,(anonymous_976)
FN:25,(anonymous_977)
FN:25,(anonymous_978)
FN:25,(anonymous_979)
FN:25,(anonymous_980)
FN:25,(anonymous_981)
FN:25,(anonymous_982)
FN:25,(anonymous_983)
FN:25,(anonymous_984)
FN:25,resolve
FN:25,(anonymous_986)
FN:25,(anonymous_987)
FN:25,(anonymous_988)
FN:25,(anonymous_989)
FN:25,(anonymous_990)
FN:25,(anonymous_991)
FN:25,(anonymous_992)
FN:25,(anonymous_993)
FN:25,(anonymous_994)
FN:25,(anonymous_995)
FN:25,(anonymous_996)
FN:25,(anonymous_997)
FN:25,(anonymous_998)
FN:25,(anonymous_999)
FN:25,completed
FN:25,(anonymous_1001)
FN:25,(anonymous_1002)
FN:25,(anonymous_1003)
FN:25,(anonymous_1004)
FN:25,(anonymous_1005)
FN:25,fcamelCase
FN:25,camelCase
FN:25,(anonymous_1008)
FN:25,Data
FN:25,(anonymous_1010)
FN:25,(anonymous_1011)
FN:25,(anonymous_1012)
FN:25,(anonymous_1013)
FN:25,(anonymous_1014)
FN:25,(anonymous_1015)
FN:25,dataAttr
FN:25,(anonymous_1017)
FN:25,(anonymous_1018)
FN:25,(anonymous_1019)
FN:25,(anonymous_1020)
FN:25,(anonymous_1021)
FN:25,(anonymous_1022)
FN:25,(anonymous_1023)
FN:25,(anonymous_1024)
FN:25,(anonymous_1025)
FN:25,(anonymous_1026)
FN:25,(anonymous_1027)
FN:25,(anonymous_1028)
FN:25,(anonymous_1029)
FN:25,(anonymous_1030)
FN:25,(anonymous_1031)
FN:25,(anonymous_1032)
FN:25,(anonymous_1033)
FN:25,(anonymous_1034)
FN:25,(anonymous_1035)
FN:25,(anonymous_1036)
FN:25,(anonymous_1037)
FN:25,(anonymous_1038)
FN:25,(anonymous_1039)
FN:25,(anonymous_1040)
FN:25,(anonymous_1041)
FN:25,(anonymous_1042)
FN:25,(anonymous_1043)
FN:25,adjustCSS
FN:25,(anonymous_1045)
FN:25,(anonymous_1046)
FN:25,getDefaultDisplay
FN:25,showHide
FN:25,(anonymous_1049)
FN:25,(anonymous_1050)
FN:25,(anonymous_1051)
FN:25,(anonymous_1052)
FN:25,getAll
FN:25,setGlobalEval
FN:25,buildFragment
FN:25,returnTrue
FN:25,returnFalse
FN:25,expectSync
FN:25,(anonymous_1059)
FN:25,on
FN:25,(anonymous_1061)
FN:25,(anonymous_1062)
FN:25,leverageNative
FN:25,(anonymous_1064)
FN:25,(anonymous_1065)
FN:25,(anonymous_1066)
FN:25,(anonymous_1067)
FN:25,(anonymous_1068)
FN:25,(anonymous_1069)
FN:25,(anonymous_1070)
FN:25,(anonymous_1071)
FN:25,(anonymous_1072)
FN:25,(anonymous_1073)
FN:25,(anonymous_1074)
FN:25,(anonymous_1075)
FN:25,(anonymous_1076)
FN:25,(anonymous_1077)
FN:25,(anonymous_1078)
FN:25,(anonymous_1079)
FN:25,(anonymous_1080)
FN:25,(anonymous_1081)
FN:25,(anonymous_1082)
FN:25,(anonymous_1083)
FN:25,(anonymous_1084)
FN:25,(anonymous_1085)
FN:25,(anonymous_1086)
FN:25,(anonymous_1087)
FN:25,(anonymous_1088)
FN:25,(anonymous_1089)
FN:25,(anonymous_1090)
FN:25,(anonymous_1091)
FN:25,(anonymous_1092)
FN:25,(anonymous_1093)
FN:25,manipulationTarget
FN:25,disableScript
FN:25,restoreScript
FN:25,cloneCopyEvent
FN:25,fixInput
FN:25,domManip
FN:25,(anonymous_1100)
FN:25,remove
FN:25,(anonymous_1102)
FN:25,(anonymous_1103)
FN:25,(anonymous_1104)
FN:25,(anonymous_1105)
FN:25,(anonymous_1106)
FN:25,(anonymous_1107)
FN:25,(anonymous_1108)
FN:25,(anonymous_1109)
FN:25,(anonymous_1110)
FN:25,(anonymous_1111)
FN:25,(anonymous_1112)
FN:25,(anonymous_1113)
FN:25,(anonymous_1114)
FN:25,(anonymous_1115)
FN:25,(anonymous_1116)
FN:25,(anonymous_1117)
FN:25,(anonymous_1118)
FN:25,(anonymous_1119)
FN:25,(anonymous_1120)
FN:25,(anonymous_1121)
FN:25,(anonymous_1122)
FN:25,(anonymous_1123)
FN:25,(anonymous_1124)
FN:25,(anonymous_1125)
FN:25,(anonymous_1126)
FN:25,(anonymous_1127)
FN:25,(anonymous_1128)
FN:25,curCSS
FN:25,addGetHookIf
FN:25,(anonymous_1131)
FN:25,(anonymous_1132)
FN:25,computeStyleTests
FN:25,roundPixelMeasures
FN:25,(anonymous_1135)
FN:25,(anonymous_1136)
FN:25,(anonymous_1137)
FN:25,(anonymous_1138)
FN:25,(anonymous_1139)
FN:25,(anonymous_1140)
FN:25,finalPropName
FN:25,(anonymous_1142)
FN:25,setPositiveNumber
FN:25,boxModelAdjustment
FN:25,getWidthOrHeight
FN:25,Tween
FN:25,(anonymous_1147)
FN:25,(anonymous_1148)
FN:25,(anonymous_1149)
FN:25,(anonymous_1150)
FN:25,(anonymous_1151)
FN:25,(anonymous_1152)
FN:25,(anonymous_1153)
FN:25,(anonymous_1154)
FN:25,(anonymous_1155)
FN:25,(anonymous_1156)
FN:25,(anonymous_1157)
FN:25,(anonymous_1158)
FN:25,(anonymous_1159)
FN:25,(anonymous_1160)
FN:25,(anonymous_1161)
FN:25,(anonymous_1162)
FN:25,(anonymous_1163)
FN:25,(anonymous_1164)
FN:25,(anonymous_1165)
FN:25,(anonymous_1166)
FN:25,(anonymous_1167)
FN:25,schedule
FN:25,createFxNow
FN:25,(anonymous_1170)
FN:25,genFx
FN:25,createTween
FN:25,Animation
FN:25,(anonymous_1174)
FN:25,(anonymous_1175)
FN:25,(anonymous_1176)
FN:25,(anonymous_1177)
FN:25,(anonymous_1178)
FN:25,(anonymous_1179)
FN:25,(anonymous_1180)
FN:25,(anonymous_1181)
FN:25,(anonymous_1182)
FN:25,(anonymous_1183)
FN:25,(anonymous_1184)
FN:25,(anonymous_1185)
FN:25,(anonymous_1186)
FN:25,(anonymous_1187)
FN:25,(anonymous_1188)
FN:25,(anonymous_1189)
FN:25,(anonymous_1190)
FN:25,(anonymous_1191)
FN:25,(anonymous_1192)
FN:25,(anonymous_1193)
FN:25,(anonymous_1194)
FN:25,(anonymous_1195)
FN:25,(anonymous_1196)
FN:25,(anonymous_1197)
FN:25,(anonymous_1198)
FN:25,(anonymous_1199)
FN:25,(anonymous_1200)
FN:25,(anonymous_1201)
FN:25,(anonymous_1202)
FN:25,(anonymous_1203)
FN:25,(anonymous_1204)
FN:25,(anonymous_1205)
FN:25,(anonymous_1206)
FN:25,(anonymous_1207)
FN:25,(anonymous_1208)
FN:25,(anonymous_1209)
FN:25,(anonymous_1210)
FN:25,(anonymous_1211)
FN:25,(anonymous_1212)
FN:25,(anonymous_1213)
FN:25,(anonymous_1214)
FN:25,(anonymous_1215)
FN:25,(anonymous_1216)
FN:25,(anonymous_1217)
FN:25,(anonymous_1218)
FN:25,(anonymous_1219)
FN:25,stripAndCollapse
FN:25,getClass
FN:25,classesToArray
FN:25,(anonymous_1223)
FN:25,(anonymous_1224)
FN:25,(anonymous_1225)
FN:25,(anonymous_1226)
FN:25,(anonymous_1227)
FN:25,(anonymous_1228)
FN:25,(anonymous_1229)
FN:25,(anonymous_1230)
FN:25,(anonymous_1231)
FN:25,(anonymous_1232)
FN:25,(anonymous_1233)
FN:25,(anonymous_1234)
FN:25,(anonymous_1235)
FN:25,(anonymous_1236)
FN:25,(anonymous_1237)
FN:25,(anonymous_1238)
FN:25,(anonymous_1239)
FN:25,(anonymous_1240)
FN:25,(anonymous_1241)
FN:25,(anonymous_1242)
FN:25,(anonymous_1243)
FN:25,(anonymous_1244)
FN:25,(anonymous_1245)
FN:25,(anonymous_1246)
FN:25,(anonymous_1247)
FN:25,(anonymous_1248)
FN:25,(anonymous_1249)
FN:25,(anonymous_1250)
FN:25,(anonymous_1251)
FN:25,(anonymous_1252)
FN:25,(anonymous_1253)
FN:25,(anonymous_1254)
FN:25,(anonymous_1255)
FN:25,(anonymous_1256)
FN:25,(anonymous_1257)
FN:25,(anonymous_1258)
FN:25,(anonymous_1259)
FN:25,(anonymous_1260)
FN:25,(anonymous_1261)
FN:25,buildParams
FN:25,(anonymous_1263)
FN:25,(anonymous_1264)
FN:25,(anonymous_1265)
FN:25,(anonymous_1266)
FN:25,(anonymous_1267)
FN:25,(anonymous_1268)
FN:25,(anonymous_1269)
FN:25,(anonymous_1270)
FN:25,(anonymous_1271)
FN:25,(anonymous_1272)
FN:25,addToPrefiltersOrTransports
FN:25,(anonymous_1274)
FN:25,inspectPrefiltersOrTransports
FN:25,inspect
FN:25,(anonymous_1277)
FN:25,ajaxExtend
FN:25,(anonymous_1279)
FN:25,(anonymous_1280)
FN:25,(anonymous_1281)
FN:25,(anonymous_1282)
FN:25,(anonymous_1283)
FN:25,(anonymous_1284)
FN:25,(anonymous_1285)
FN:25,(anonymous_1286)
FN:25,(anonymous_1287)
FN:25,done
FN:25,(anonymous_1289)
FN:25,(anonymous_1290)
FN:25,(anonymous_1291)
FN:25,(anonymous_1292)
FN:25,(anonymous_1293)
FN:25,(anonymous_1294)
FN:25,(anonymous_1295)
FN:25,(anonymous_1296)
FN:25,(anonymous_1297)
FN:25,(anonymous_1298)
FN:25,(anonymous_1299)
FN:25,(anonymous_1300)
FN:25,(anonymous_1301)
FN:25,(anonymous_1302)
FN:25,(anonymous_1303)
FN:25,(anonymous_1304)
FN:25,(anonymous_1305)
FN:25,(anonymous_1306)
FN:25,(anonymous_1307)
FN:25,(anonymous_1308)
FN:25,(anonymous_1309)
FN:25,(anonymous_1310)
FN:25,(anonymous_1311)
FN:25,(anonymous_1312)
FN:25,(anonymous_1313)
FN:25,(anonymous_1314)
FN:25,(anonymous_1315)
FN:25,(anonymous_1316)
FN:25,(anonymous_1317)
FN:25,(anonymous_1318)
FN:25,(anonymous_1319)
FN:25,(anonymous_1320)
FN:25,(anonymous_1321)
FN:25,(anonymous_1322)
FN:25,(anonymous_1323)
FN:25,(anonymous_1324)
FN:25,(anonymous_1325)
FN:25,(anonymous_1326)
FN:25,(anonymous_1327)
FN:25,(anonymous_1328)
FN:25,(anonymous_1329)
FN:25,(anonymous_1330)
FN:25,(anonymous_1331)
FN:25,(anonymous_1332)
FN:25,(anonymous_1333)
FN:25,(anonymous_1334)
FN:25,(anonymous_1335)
FN:25,(anonymous_1336)
FN:25,(anonymous_1337)
FN:25,(anonymous_1338)
FN:25,(anonymous_1339)
FN:25,(anonymous_1340)
FN:25,(anonymous_1341)
FN:25,(anonymous_1342)
FN:25,(anonymous_1343)
FN:25,(anonymous_1344)
FN:25,(anonymous_1345)
FN:25,(anonymous_1346)
FN:25,(anonymous_1347)
FN:25,(anonymous_1348)
FN:25,(anonymous_1349)
FN:25,(anonymous_1350)
FN:25,(anonymous_1351)
FN:25,(anonymous_1352)
FN:25,(anonymous_1353)
FN:25,(anonymous_1354)
FN:25,(anonymous_1355)
FN:25,(anonymous_1356)
FN:25,(anonymous_1357)
FN:25,(anonymous_1358)
FN:25,(anonymous_1359)
FN:25,(anonymous_1360)
FN:25,(anonymous_1361)
FN:25,(anonymous_1362)
FN:25,(anonymous_1363)
FN:25,(anonymous_1364)
FN:25,(anonymous_1365)
FN:25,(anonymous_1366)
FN:25,(anonymous_1367)
FN:25,(anonymous_1368)
FN:25,(anonymous_1369)
FN:25,_createSuper
FN:25,(anonymous_1371)
FN:25,(anonymous_1372)
FN:25,(anonymous_1373)
FN:25,(anonymous_1374)
FN:25,AppRouter
FN:25,(anonymous_1376)
FN:25,(anonymous_1377)
FN:25,(anonymous_1378)
FN:25,(anonymous_1379)
FN:25,(anonymous_1380)
FN:25,(anonymous_1381)
FN:25,(anonymous_1382)
FN:25,(anonymous_1383)
FN:25,(anonymous_1384)
FN:25,_get
FN:25,(anonymous_1386)
FN:25,(anonymous_1387)
FN:25,_interopRequireDefault
FN:25,_interopRequireWildcard
FN:25,create
FN:25,(anonymous_1391)
FN:25,(anonymous_1392)
FN:25,(anonymous_1393)
FN:25,(anonymous_1394)
FN:25,(anonymous_1395)
FN:25,(anonymous_1396)
FN:25,(anonymous_1397)
FN:25,(anonymous_1398)
FN:25,_classCallCheck
FN:25,(anonymous_1400)
FN:25,(anonymous_1401)
FN:25,(anonymous_1402)
FN:25,(anonymous_1403)
FN:25,(anonymous_1404)
FN:25,(anonymous_1405)
FN:25,Logger
FN:25,(anonymous_1407)
FN:25,(anonymous_1408)
FN:25,(anonymous_1409)
FN:25,(anonymous_1410)
FN:25,(anonymous_1411)
FN:25,(anonymous_1412)
FN:25,(anonymous_1413)
FN:25,(anonymous_1414)
FN:25,(anonymous_1415)
FN:25,EventEmitter
FN:25,(anonymous_1417)
FN:25,(anonymous_1418)
FN:25,(anonymous_1419)
FN:25,(anonymous_1420)
FN:25,(anonymous_1421)
FN:25,(anonymous_1422)
FN:25,(anonymous_1423)
FN:25,(anonymous_1424)
FN:25,makeString
FN:25,utils_copy
FN:25,(anonymous_1427)
FN:25,getLastOfPath
FN:25,cleanKey
FN:25,canNotTraverseDeeper
FN:25,setPath
FN:25,getPath
FN:25,regexEscape
FN:25,utils_escape
FN:25,(anonymous_1435)
FN:25,(anonymous_1436)
FN:25,ResourceStore_classCallCheck
FN:25,_possibleConstructorReturn
FN:25,_inherits
FN:25,(anonymous_1440)
FN:25,(anonymous_1441)
FN:25,ResourceStore
FN:25,(anonymous_1443)
FN:25,(anonymous_1444)
FN:25,(anonymous_1445)
FN:25,(anonymous_1446)
FN:25,(anonymous_1447)
FN:25,(anonymous_1448)
FN:25,deepExtend
FN:25,(anonymous_1450)
FN:25,(anonymous_1451)
FN:25,(anonymous_1452)
FN:25,(anonymous_1453)
FN:25,(anonymous_1454)
FN:25,(anonymous_1455)
FN:25,(anonymous_1456)
FN:25,convertInterpolation
FN:25,convertTOptions
FN:25,(anonymous_1459)
FN:25,(anonymous_1460)
FN:25,(anonymous_1461)
FN:25,Translator_classCallCheck
FN:25,Translator_possibleConstructorReturn
FN:25,Translator_inherits
FN:25,(anonymous_1465)
FN:25,(anonymous_1466)
FN:25,Translator
FN:25,(anonymous_1468)
FN:25,(anonymous_1469)
FN:25,(anonymous_1470)
FN:25,(anonymous_1471)
FN:25,(anonymous_1472)
FN:25,(anonymous_1473)
FN:25,(anonymous_1474)
FN:25,(anonymous_1475)
FN:25,(anonymous_1476)
FN:25,(anonymous_1477)
FN:25,(anonymous_1478)
FN:25,(anonymous_1479)
FN:25,capitalize
FN:25,(anonymous_1481)
FN:25,LanguageUtil
FN:25,(anonymous_1483)
FN:25,(anonymous_1484)
FN:25,(anonymous_1485)
FN:25,(anonymous_1486)
FN:25,(anonymous_1487)
FN:25,(anonymous_1488)
FN:25,(anonymous_1489)
FN:25,(anonymous_1490)
FN:25,(anonymous_1491)
FN:25,(anonymous_1492)
FN:25,PluralResolver_classCallCheck
FN:25,(anonymous_1494)
FN:25,(anonymous_1495)
FN:25,(anonymous_1496)
FN:25,(anonymous_1497)
FN:25,(anonymous_1498)
FN:25,(anonymous_1499)
FN:25,(anonymous_1500)
FN:25,(anonymous_1501)
FN:25,(anonymous_1502)
FN:25,(anonymous_1503)
FN:25,(anonymous_1504)
FN:25,(anonymous_1505)
FN:25,(anonymous_1506)
FN:25,(anonymous_1507)
FN:25,(anonymous_1508)
FN:25,(anonymous_1509)
FN:25,(anonymous_1510)
FN:25,(anonymous_1511)
FN:25,(anonymous_1512)
FN:25,(anonymous_1513)
FN:25,(anonymous_1514)
FN:25,createRules
FN:25,(anonymous_1516)
FN:25,(anonymous_1517)
FN:25,(anonymous_1518)
FN:25,PluralResolver
FN:25,(anonymous_1520)
FN:25,(anonymous_1521)
FN:25,(anonymous_1522)
FN:25,(anonymous_1523)
FN:25,(anonymous_1524)
FN:25,(anonymous_1525)
FN:25,Interpolator_classCallCheck
FN:25,(anonymous_1527)
FN:25,Interpolator
FN:25,(anonymous_1529)
FN:25,(anonymous_1530)
FN:25,(anonymous_1531)
FN:25,(anonymous_1532)
FN:25,(anonymous_1533)
FN:25,regexSafe
FN:25,(anonymous_1535)
FN:25,(anonymous_1536)
FN:25,handleHasOptions
FN:25,(anonymous_1538)
FN:25,(anonymous_1539)
FN:25,(anonymous_1540)
FN:25,BackendConnector_classCallCheck
FN:25,BackendConnector_possibleConstructorReturn
FN:25,BackendConnector_inherits
FN:25,(anonymous_1544)
FN:25,(anonymous_1545)
FN:25,Connector
FN:25,(anonymous_1547)
FN:25,(anonymous_1548)
FN:25,(anonymous_1549)
FN:25,(anonymous_1550)
FN:25,(anonymous_1551)
FN:25,(anonymous_1552)
FN:25,(anonymous_1553)
FN:25,(anonymous_1554)
FN:25,(anonymous_1555)
FN:25,(anonymous_1556)
FN:25,(anonymous_1557)
FN:25,(anonymous_1558)
FN:25,(anonymous_1559)
FN:25,(anonymous_1560)
FN:25,(anonymous_1561)
FN:25,(anonymous_1562)
FN:25,(anonymous_1563)
FN:25,(anonymous_1564)
FN:25,(anonymous_1565)
FN:25,(anonymous_1566)
FN:25,(anonymous_1567)
FN:25,(anonymous_1568)
FN:25,(anonymous_1569)
FN:25,(anonymous_1570)
FN:25,CacheConnector_classCallCheck
FN:25,CacheConnector_possibleConstructorReturn
FN:25,CacheConnector_inherits
FN:25,(anonymous_1574)
FN:25,(anonymous_1575)
FN:25,Connector
FN:25,(anonymous_1577)
FN:25,(anonymous_1578)
FN:25,(anonymous_1579)
FN:25,transformOptions
FN:25,(anonymous_1581)
FN:25,i18next_classCallCheck
FN:25,i18next_possibleConstructorReturn
FN:25,i18next_inherits
FN:25,(anonymous_1585)
FN:25,noop
FN:25,(anonymous_1587)
FN:25,I18n
FN:25,(anonymous_1589)
FN:25,(anonymous_1590)
FN:25,createClassOnDemand
FN:25,(anonymous_1592)
FN:25,(anonymous_1593)
FN:25,(anonymous_1594)
FN:25,(anonymous_1595)
FN:25,(anonymous_1596)
FN:25,(anonymous_1597)
FN:25,(anonymous_1598)
FN:25,(anonymous_1599)
FN:25,(anonymous_1600)
FN:25,(anonymous_1601)
FN:25,(anonymous_1602)
FN:25,(anonymous_1603)
FN:25,(anonymous_1604)
FN:25,(anonymous_1605)
FN:25,(anonymous_1606)
FN:25,(anonymous_1607)
FN:25,(anonymous_1608)
FN:25,(anonymous_1609)
FN:25,(anonymous_1610)
FN:25,(anonymous_1611)
FN:25,(anonymous_1612)
FN:25,(anonymous_1613)
FN:25,(anonymous_1614)
FN:25,(anonymous_1615)
FN:25,(anonymous_1616)
FN:25,(anonymous_1617)
FN:25,(anonymous_1618)
FN:25,(anonymous_1619)
FN:25,(anonymous_1620)
FN:25,(anonymous_1621)
FN:25,(anonymous_1622)
FN:25,(anonymous_1623)
FN:25,(anonymous_1624)
FN:25,(anonymous_1625)
FN:25,(anonymous_1626)
FN:25,(anonymous_1627)
FN:25,(anonymous_1628)
FN:25,(anonymous_1629)
FN:25,(anonymous_1630)
FN:25,(anonymous_1631)
FN:25,fixedT
FN:25,(anonymous_1633)
FN:25,(anonymous_1634)
FN:25,(anonymous_1635)
FN:25,(anonymous_1636)
FN:25,(anonymous_1637)
FN:25,(anonymous_1638)
FN:25,(anonymous_1639)
FN:25,(anonymous_1640)
FN:25,(anonymous_1641)
FN:25,(anonymous_1642)
FN:25,(anonymous_1643)
FN:25,(anonymous_1644)
FN:25,initTranslations
FN:25,(anonymous_1646)
FN:25,(anonymous_1647)
FN:25,addTranslation
FN:25,(anonymous_1649)
FN:25,(anonymous_1650)
FN:25,(anonymous_1651)
FN:25,(anonymous_1652)
FN:25,(anonymous_1653)
FN:25,(anonymous_1654)
FN:25,(anonymous_1655)
FN:25,(anonymous_1656)
FN:25,(anonymous_1657)
FN:25,(anonymous_1658)
FN:25,(anonymous_1659)
FN:25,(anonymous_1660)
FN:25,_createSuper
FN:25,(anonymous_1662)
FN:25,(anonymous_1663)
FN:25,(anonymous_1664)
FN:25,(anonymous_1665)
FN:25,WidgetsModel
FN:25,(anonymous_1667)
FN:25,(anonymous_1668)
FN:25,(anonymous_1669)
FN:25,(anonymous_1670)
FN:25,(anonymous_1671)
FN:25,AllurePluginsRegistry
FN:25,(anonymous_1673)
FN:25,(anonymous_1674)
FN:25,(anonymous_1675)
FN:25,(anonymous_1676)
FN:25,(anonymous_1677)
FN:25,(anonymous_1678)
FN:25,(anonymous_1679)
FN:25,(anonymous_1680)
FN:25,_createSuper
FN:25,(anonymous_1682)
FN:25,(anonymous_1683)
FN:25,(anonymous_1684)
FN:25,(anonymous_1685)
FN:25,(anonymous_1686)
FN:25,(anonymous_1687)
FN:25,(anonymous_1688)
FN:25,(anonymous_1689)
FN:25,(anonymous_1690)
FN:25,(anonymous_1691)
FN:25,TooltipView
FN:25,(anonymous_1693)
FN:25,(anonymous_1694)
FN:25,(anonymous_1695)
FN:25,(anonymous_1696)
FN:25,(anonymous_1697)
FN:25,(anonymous_1698)
FN:25,(anonymous_1699)
FN:25,_createSuper
FN:25,(anonymous_1701)
FN:25,(anonymous_1702)
FN:25,(anonymous_1703)
FN:25,(anonymous_1704)
FN:25,LanguageSelectView
FN:25,(anonymous_1706)
FN:25,(anonymous_1707)
FN:25,(anonymous_1708)
FN:25,(anonymous_1709)
FN:25,(anonymous_1710)
FN:25,(anonymous_1711)
FN:25,SideNavView_createSuper
FN:25,(anonymous_1713)
FN:25,(anonymous_1714)
FN:25,(anonymous_1715)
FN:25,(anonymous_1716)
FN:25,SideNavView
FN:25,(anonymous_1718)
FN:25,(anonymous_1719)
FN:25,(anonymous_1720)
FN:25,(anonymous_1721)
FN:25,(anonymous_1722)
FN:25,(anonymous_1723)
FN:25,(anonymous_1724)
FN:25,(anonymous_1725)
FN:25,(anonymous_1726)
FN:25,(anonymous_1727)
FN:25,AppLayout_createSuper
FN:25,(anonymous_1729)
FN:25,(anonymous_1730)
FN:25,(anonymous_1731)
FN:25,(anonymous_1732)
FN:25,AppLayout
FN:25,(anonymous_1734)
FN:25,(anonymous_1735)
FN:25,(anonymous_1736)
FN:25,(anonymous_1737)
FN:25,(anonymous_1738)
FN:25,(anonymous_1739)
FN:25,(anonymous_1740)
FN:25,(anonymous_1741)
FN:25,(anonymous_1742)
FN:25,(anonymous_1743)
FN:25,(anonymous_1744)
FN:25,(anonymous_1745)
FN:25,(anonymous_1746)
FN:25,(anonymous_1747)
FN:25,(anonymous_1748)
FN:25,(anonymous_1749)
FN:25,(anonymous_1750)
FN:25,(anonymous_1751)
FN:25,escapeChar
FN:25,extend
FN:25,(anonymous_1754)
FN:25,(anonymous_1755)
FN:25,(anonymous_1756)
FN:25,(anonymous_1757)
FN:25,makeArray
FN:25,(anonymous_1759)
FN:25,(anonymous_1760)
FN:25,(anonymous_1761)
FN:25,(anonymous_1762)
FN:25,_createSuper
FN:25,(anonymous_1764)
FN:25,(anonymous_1765)
FN:25,(anonymous_1766)
FN:25,(anonymous_1767)
FN:25,ErrorSplashView
FN:25,(anonymous_1769)
FN:25,(anonymous_1770)
FN:25,(anonymous_1771)
FN:25,(anonymous_1772)
FN:25,(anonymous_1773)
FN:25,(anonymous_1774)
FN:25,(anonymous_1775)
FN:25,(anonymous_1776)
FN:25,_createSuper
FN:25,(anonymous_1778)
FN:25,(anonymous_1779)
FN:25,(anonymous_1780)
FN:25,(anonymous_1781)
FN:25,LocalStorageModel
FN:25,(anonymous_1783)
FN:25,(anonymous_1784)
FN:25,(anonymous_1785)
FN:25,(anonymous_1786)
FN:25,getGlobalSettings
FN:25,(anonymous_1788)
FN:25,(anonymous_1789)
FN:25,(anonymous_1790)
FN:25,(anonymous_1791)
FN:25,(anonymous_1792)
FN:25,(anonymous_1793)
FN:25,(anonymous_1794)
FN:25,getSettingsForPlugin
FN:25,(anonymous_1796)
FN:25,(anonymous_1797)
FN:25,getSettingsForWidgetGridPlugin
FN:25,(anonymous_1799)
FN:25,(anonymous_1800)
FN:25,(anonymous_1801)
FN:25,(anonymous_1802)
FN:25,getSettingsForTreePlugin
FN:25,(anonymous_1804)
FN:25,(anonymous_1805)
FN:25,(anonymous_1806)
FN:25,(anonymous_1807)
FN:25,(anonymous_1808)
FN:25,(anonymous_1809)
FN:25,(anonymous_1810)
FN:25,(anonymous_1811)
FN:25,(anonymous_1812)
FN:25,(anonymous_1813)
FN:25,(anonymous_1814)
FN:25,Exception
FN:25,(anonymous_1816)
FN:25,deepFreeze
FN:25,(anonymous_1818)
FN:25,(anonymous_1819)
FN:25,(anonymous_1820)
FN:25,(anonymous_1821)
FN:25,(anonymous_1822)
FN:25,escapeHTML
FN:25,inherit
FN:25,(anonymous_1825)
FN:25,(anonymous_1826)
FN:25,(anonymous_1827)
FN:25,(anonymous_1828)
FN:25,(anonymous_1829)
FN:25,(anonymous_1830)
FN:25,(anonymous_1831)
FN:25,(anonymous_1832)
FN:25,(anonymous_1833)
FN:25,(anonymous_1834)
FN:25,(anonymous_1835)
FN:25,(anonymous_1836)
FN:25,(anonymous_1837)
FN:25,(anonymous_1838)
FN:25,(anonymous_1839)
FN:25,(anonymous_1840)
FN:25,(anonymous_1841)
FN:25,(anonymous_1842)
FN:25,(anonymous_1843)
FN:25,(anonymous_1844)
FN:25,(anonymous_1845)
FN:25,(anonymous_1846)
FN:25,(anonymous_1847)
FN:25,(anonymous_1848)
FN:25,(anonymous_1849)
FN:25,(anonymous_1850)
FN:25,(anonymous_1851)
FN:25,(anonymous_1852)
FN:25,source
FN:25,(anonymous_1854)
FN:25,(anonymous_1855)
FN:25,(anonymous_1856)
FN:25,(anonymous_1857)
FN:25,(anonymous_1858)
FN:25,(anonymous_1859)
FN:25,(anonymous_1860)
FN:25,(anonymous_1861)
FN:25,skipIfhasPrecedingDot
FN:25,beginKeywords
FN:25,compileIllegal
FN:25,(anonymous_1865)
FN:25,(anonymous_1866)
FN:25,compileMatch
FN:25,compileRelevance
FN:25,scoreForKeyword
FN:25,(anonymous_1870)
FN:25,compileLanguage
FN:25,langRe
FN:25,(anonymous_1873)
FN:25,(anonymous_1874)
FN:25,(anonymous_1875)
FN:25,(anonymous_1876)
FN:25,(anonymous_1877)
FN:25,(anonymous_1878)
FN:25,(anonymous_1879)
FN:25,(anonymous_1880)
FN:25,(anonymous_1881)
FN:25,(anonymous_1882)
FN:25,(anonymous_1883)
FN:25,(anonymous_1884)
FN:25,(anonymous_1885)
FN:25,(anonymous_1886)
FN:25,(anonymous_1887)
FN:25,(anonymous_1888)
FN:25,(anonymous_1889)
FN:25,(anonymous_1890)
FN:25,compileMode
FN:25,(anonymous_1892)
FN:25,(anonymous_1893)
FN:25,(anonymous_1894)
FN:25,compileKeywords
FN:25,(anonymous_1896)
FN:25,compileList
FN:25,(anonymous_1898)
FN:25,(anonymous_1899)
FN:25,(anonymous_1900)
FN:25,(anonymous_1901)
FN:25,(anonymous_1902)
FN:25,dependencyOnParent
FN:25,(anonymous_1904)
FN:25,(anonymous_1905)
FN:25,(anonymous_1906)
FN:25,BuildVuePlugin
FN:25,(anonymous_1908)
FN:25,(anonymous_1909)
FN:25,(anonymous_1910)
FN:25,(anonymous_1911)
FN:25,(anonymous_1912)
FN:25,(anonymous_1913)
FN:25,(anonymous_1914)
FN:25,(anonymous_1915)
FN:25,(anonymous_1916)
FN:25,selectStream
FN:25,open
FN:25,(anonymous_1919)
FN:25,close
FN:25,render
FN:25,tag
FN:25,nodeStream
FN:25,_nodeStream
FN:25,(anonymous_1925)
FN:25,(anonymous_1926)
FN:25,(anonymous_1927)
FN:25,(anonymous_1928)
FN:25,shouldNotHighlight
FN:25,highlight
FN:25,_highlight
FN:25,keywordData
FN:25,processBuffer
FN:25,(anonymous_1934)
FN:25,(anonymous_1935)
FN:25,startNewMode
FN:25,doIgnore
FN:25,doBeginMatch
FN:25,doEndMatch
FN:25,endOfMode
FN:25,(anonymous_1941)
FN:25,processLexeme
FN:25,(anonymous_1943)
FN:25,(anonymous_1944)
FN:25,highlightAuto
FN:25,(anonymous_1946)
FN:25,(anonymous_1947)
FN:25,(anonymous_1948)
FN:25,(anonymous_1949)
FN:25,(anonymous_1950)
FN:25,(anonymous_1951)
FN:25,(anonymous_1952)
FN:25,highlightElement
FN:25,(anonymous_1954)
FN:25,(anonymous_1955)
FN:25,(anonymous_1956)
FN:25,(anonymous_1957)
FN:25,highlightAll
FN:25,getLanguage
FN:25,registerAliases
FN:25,(anonymous_1961)
FN:25,autoDetection
FN:25,fire
FN:25,(anonymous_1964)
FN:25,(anonymous_1965)
FN:25,(anonymous_1966)
FN:25,(anonymous_1967)
FN:25,(anonymous_1968)
FN:25,(anonymous_1969)
FN:25,(anonymous_1970)
FN:25,(anonymous_1971)
FN:25,(anonymous_1972)
FN:25,(anonymous_1973)
FN:25,(anonymous_1974)
FN:25,(anonymous_1975)
FN:25,(anonymous_1976)
FN:25,(anonymous_1977)
FN:25,(anonymous_1978)
FN:25,(anonymous_1979)
FN:25,(anonymous_1980)
FN:25,(anonymous_1981)
FN:25,(anonymous_1982)
FN:25,(anonymous_1983)
FN:25,_createSuper
FN:25,(anonymous_1985)
FN:25,(anonymous_1986)
FN:25,(anonymous_1987)
FN:25,(anonymous_1988)
FN:25,PopoverView
FN:25,(anonymous_1990)
FN:25,(anonymous_1991)
FN:25,(anonymous_1992)
FN:25,(anonymous_1993)
FN:25,(anonymous_1994)
FN:25,(anonymous_1995)
FN:25,(anonymous_1996)
FN:25,(anonymous_1997)
FN:25,(anonymous_1998)
FN:25,(anonymous_1999)
FN:25,(anonymous_2000)
FN:25,_createSuper
FN:25,(anonymous_2002)
FN:25,(anonymous_2003)
FN:25,(anonymous_2004)
FN:25,(anonymous_2005)
FN:25,ClipboardBehavior
FN:25,(anonymous_2007)
FN:25,(anonymous_2008)
FN:25,(anonymous_2009)
FN:25,(anonymous_2010)
FN:25,LoadBehavior_createSuper
FN:25,(anonymous_2012)
FN:25,(anonymous_2013)
FN:25,(anonymous_2014)
FN:25,(anonymous_2015)
FN:25,LoadBehavior
FN:25,(anonymous_2017)
FN:25,(anonymous_2018)
FN:25,(anonymous_2019)
FN:25,TooltipBehavior_createSuper
FN:25,(anonymous_2021)
FN:25,(anonymous_2022)
FN:25,(anonymous_2023)
FN:25,(anonymous_2024)
FN:25,TooltipBehavior
FN:25,(anonymous_2026)
FN:25,(anonymous_2027)
FN:25,(anonymous_2028)
FN:25,(anonymous_2029)
FN:25,ErrorLayout_createSuper
FN:25,(anonymous_2031)
FN:25,(anonymous_2032)
FN:25,(anonymous_2033)
FN:25,(anonymous_2034)
FN:25,ErrorLayout
FN:25,(anonymous_2036)
FN:25,TestResultLayout_createSuper
FN:25,(anonymous_2038)
FN:25,(anonymous_2039)
FN:25,(anonymous_2040)
FN:25,(anonymous_2041)
FN:25,TestResultLayout
FN:25,(anonymous_2043)
FN:25,(anonymous_2044)
FN:25,(anonymous_2045)
FN:25,(anonymous_2046)
FN:25,(anonymous_2047)
FN:25,(anonymous_2048)
FN:25,(anonymous_2049)
FN:25,(anonymous_2050)
FN:25,(anonymous_2051)
FN:25,(anonymous_2052)
FN:25,(anonymous_2053)
FN:25,(anonymous_2054)
FN:25,(anonymous_2055)
FN:25,(anonymous_2056)
FN:25,(anonymous_2057)
FN:25,(anonymous_2058)
FN:25,(anonymous_2059)
FN:25,(anonymous_2060)
FN:25,(anonymous_2061)
FN:25,(anonymous_2062)
FN:25,BemFormatter
FN:25,withMixin
FN:25,createBemFormatter
FN:25,(anonymous_2066)
FN:25,(anonymous_2067)
FN:25,(anonymous_2068)
FN:25,(anonymous_2069)
FN:25,(anonymous_2070)
FN:25,_createSuper
FN:25,(anonymous_2072)
FN:25,(anonymous_2073)
FN:25,(anonymous_2074)
FN:25,(anonymous_2075)
FN:25,TestResultModel
FN:25,(anonymous_2077)
FN:25,(anonymous_2078)
FN:25,(anonymous_2079)
FN:25,collectAttachments
FN:25,(anonymous_2081)
FN:25,(anonymous_2082)
FN:25,(anonymous_2083)
FN:25,(anonymous_2084)
FN:25,_createSuper
FN:25,(anonymous_2086)
FN:25,(anonymous_2087)
FN:25,(anonymous_2088)
FN:25,(anonymous_2089)
FN:25,AttachmentView
FN:25,(anonymous_2091)
FN:25,(anonymous_2092)
FN:25,(anonymous_2093)
FN:25,(anonymous_2094)
FN:25,(anonymous_2095)
FN:25,(anonymous_2096)
FN:25,(anonymous_2097)
FN:25,(anonymous_2098)
FN:25,ModalView_createSuper
FN:25,(anonymous_2100)
FN:25,(anonymous_2101)
FN:25,(anonymous_2102)
FN:25,(anonymous_2103)
FN:25,ModalView
FN:25,(anonymous_2105)
FN:25,(anonymous_2106)
FN:25,(anonymous_2107)
FN:25,(anonymous_2108)
FN:25,(anonymous_2109)
FN:25,TestResultExecutionView_createSuper
FN:25,(anonymous_2111)
FN:25,(anonymous_2112)
FN:25,(anonymous_2113)
FN:25,(anonymous_2114)
FN:25,TestResultExecutionView
FN:25,(anonymous_2116)
FN:25,(anonymous_2117)
FN:25,(anonymous_2118)
FN:25,(anonymous_2119)
FN:25,(anonymous_2120)
FN:25,(anonymous_2121)
FN:25,(anonymous_2122)
FN:25,(anonymous_2123)
FN:25,(anonymous_2124)
FN:25,TestResultOverviewView_createSuper
FN:25,(anonymous_2126)
FN:25,(anonymous_2127)
FN:25,(anonymous_2128)
FN:25,(anonymous_2129)
FN:25,TestResultOverviewView
FN:25,(anonymous_2131)
FN:25,(anonymous_2132)
FN:25,(anonymous_2133)
FN:25,(anonymous_2134)
FN:25,(anonymous_2135)
FN:25,(anonymous_2136)
FN:25,(anonymous_2137)
FN:25,TestResultView_createSuper
FN:25,(anonymous_2139)
FN:25,(anonymous_2140)
FN:25,(anonymous_2141)
FN:25,(anonymous_2142)
FN:25,TestResultView
FN:25,(anonymous_2144)
FN:25,(anonymous_2145)
FN:25,(anonymous_2146)
FN:25,(anonymous_2147)
FN:25,(anonymous_2148)
FN:25,(anonymous_2149)
FN:25,(anonymous_2150)
FN:25,(anonymous_2151)
FN:25,(anonymous_2152)
FN:25,(anonymous_2153)
FN:25,(anonymous_2154)
FN:25,objectConverter
FN:25,(anonymous_2156)
FN:25,inferColumns
FN:25,(anonymous_2158)
FN:25,pad
FN:25,formatDate
FN:25,(anonymous_2161)
FN:25,parseRows
FN:25,token
FN:25,preformatBody
FN:25,(anonymous_2165)
FN:25,(anonymous_2166)
FN:25,formatRow
FN:25,formatValue
FN:25,(anonymous_2169)
FN:25,(anonymous_2170)
FN:25,(anonymous_2171)
FN:25,(anonymous_2172)
FN:25,(anonymous_2173)
FN:25,(anonymous_2174)
FN:25,(anonymous_2175)
FN:25,ownKeys
FN:25,(anonymous_2177)
FN:25,typeByMime
FN:25,(anonymous_2179)
FN:25,(anonymous_2180)
FN:25,(anonymous_2181)
FN:25,(anonymous_2182)
FN:25,(anonymous_2183)
FN:25,(anonymous_2184)
FN:25,(anonymous_2185)
FN:25,(anonymous_2186)
FN:25,(anonymous_2187)
FN:25,(anonymous_2188)
FN:25,(anonymous_2189)
FN:25,(anonymous_2190)
FN:25,Url
FN:25,(anonymous_2192)
FN:25,(anonymous_2193)
FN:25,(anonymous_2194)
FN:25,urlParse
FN:25,(anonymous_2196)
FN:25,(anonymous_2197)
FN:25,(anonymous_2198)
FN:25,(anonymous_2199)
FN:25,(anonymous_2200)
FN:25,(anonymous_2201)
FN:25,(anonymous_2202)
FN:25,__default
FN:25,(anonymous_2204)
FN:25,(anonymous_2205)
FN:25,(anonymous_2206)
FN:25,(anonymous_2207)
FN:25,(anonymous_2208)
FN:25,(anonymous_2209)
FN:25,(anonymous_2210)
FN:25,(anonymous_2211)
FN:25,(anonymous_2212)
FN:25,(anonymous_2213)
FN:25,(anonymous_2214)
FN:25,(anonymous_2215)
FN:25,(anonymous_2216)
FN:25,(anonymous_2217)
FN:25,(anonymous_2218)
FN:25,(anonymous_2219)
FN:25,(anonymous_2220)
FN:25,(anonymous_2221)
FN:25,(anonymous_2222)
FN:25,(anonymous_2223)
FN:25,(anonymous_2224)
FN:25,(anonymous_2225)
FN:25,__default
FN:25,(anonymous_2227)
FN:25,(anonymous_2228)
FN:25,(anonymous_2229)
FN:25,(anonymous_2230)
FN:25,(anonymous_2231)
FN:25,(anonymous_2232)
FN:25,(anonymous_2233)
FN:25,(anonymous_2234)
FN:25,(anonymous_2235)
FN:25,(anonymous_2236)
FN:25,(anonymous_2237)
FN:25,(anonymous_2238)
FN:25,__default
FN:25,(anonymous_2240)
FN:25,(anonymous_2241)
FN:25,(anonymous_2242)
FN:25,(anonymous_2243)
FN:25,(anonymous_2244)
FN:25,(anonymous_2245)
FN:25,(anonymous_2246)
FN:25,__default
FN:25,(anonymous_2248)
FN:25,(anonymous_2249)
FN:25,(anonymous_2250)
FN:25,(anonymous_2251)
FN:25,(anonymous_2252)
FN:25,(anonymous_2253)
FN:25,(anonymous_2254)
FN:25,(anonymous_2255)
FN:25,__default
FN:25,(anonymous_2257)
FN:25,(anonymous_2258)
FN:25,(anonymous_2259)
FN:25,(anonymous_2260)
FN:25,(anonymous_2261)
FN:25,(anonymous_2262)
FN:25,(anonymous_2263)
FN:25,(anonymous_2264)
FN:25,(anonymous_2265)
FN:25,(anonymous_2266)
FN:25,(anonymous_2267)
FN:25,(anonymous_2268)
FN:25,(anonymous_2269)
FN:25,(anonymous_2270)
FN:25,(anonymous_2271)
FN:25,(anonymous_2272)
FN:25,(anonymous_2273)
FN:25,(anonymous_2274)
FN:25,(anonymous_2275)
FN:25,(anonymous_2276)
FN:25,(anonymous_2277)
FN:25,(anonymous_2278)
FN:25,(anonymous_2279)
FN:25,(anonymous_2280)
FN:25,(anonymous_2281)
FN:25,(anonymous_2282)
FN:25,(anonymous_2283)
FN:25,(anonymous_2284)
FN:25,(anonymous_2285)
FN:25,(anonymous_2286)
FN:25,(anonymous_2287)
FN:25,(anonymous_2288)
FN:25,(anonymous_2289)
FN:25,(anonymous_2290)
FN:25,(anonymous_2291)
FN:25,(anonymous_2292)
FN:25,(anonymous_2293)
FN:25,(anonymous_2294)
FN:25,(anonymous_2295)
FN:25,(anonymous_2296)
FN:25,(anonymous_2297)
FN:25,(anonymous_2298)
FN:25,(anonymous_2299)
FN:25,(anonymous_2300)
FN:25,(anonymous_2301)
FN:25,(anonymous_2302)
FN:25,(anonymous_2303)
FN:25,(anonymous_2304)
FN:25,(anonymous_2305)
FN:25,(anonymous_2306)
FN:25,_interopRequireDefault
FN:25,HandlebarsEnvironment
FN:25,(anonymous_2309)
FN:25,(anonymous_2310)
FN:25,(anonymous_2311)
FN:25,(anonymous_2312)
FN:25,(anonymous_2313)
FN:25,(anonymous_2314)
FN:25,(anonymous_2315)
FN:25,(anonymous_2316)
FN:25,_interopRequireDefault
FN:25,(anonymous_2318)
FN:25,(anonymous_2319)
FN:25,(anonymous_2320)
FN:25,(anonymous_2321)
FN:25,(anonymous_2322)
FN:25,(anonymous_2323)
FN:25,(anonymous_2324)
FN:25,(anonymous_2325)
FN:25,(anonymous_2326)
FN:25,(anonymous_2327)
FN:25,(anonymous_2328)
FN:25,checkWhiteList
FN:25,(anonymous_2330)
FN:25,(anonymous_2331)
FN:25,__default
FN:25,(anonymous_2333)
FN:25,(anonymous_2334)
FN:25,(anonymous_2335)
FN:25,(anonymous_2336)
FN:25,(anonymous_2337)
FN:25,(anonymous_2338)
FN:25,(anonymous_2339)
FN:25,(anonymous_2340)
FN:25,(anonymous_2341)
FN:25,__default
FN:25,(anonymous_2343)
FN:25,(anonymous_2344)
FN:25,(anonymous_2345)
FN:25,(anonymous_2346)
FN:25,(anonymous_2347)
FN:25,(anonymous_2348)
FN:25,(anonymous_2349)
FN:25,(anonymous_2350)
FN:25,(anonymous_2351)
FN:25,__default
FN:25,(anonymous_2353)
FN:25,(anonymous_2354)
FN:25,(anonymous_2355)
FN:25,(anonymous_2356)
FN:25,(anonymous_2357)
FN:25,(anonymous_2358)
FN:25,(anonymous_2359)
FN:25,(anonymous_2360)
FN:25,(anonymous_2361)
FN:25,(anonymous_2362)
FN:25,(anonymous_2363)
FN:25,(anonymous_2364)
FN:25,(anonymous_2365)
FN:25,(anonymous_2366)
FN:25,(anonymous_2367)
FN:25,(anonymous_2368)
FN:25,(anonymous_2369)
FN:25,(anonymous_2370)
FN:25,(anonymous_2371)
FN:25,(anonymous_2372)
FN:25,(anonymous_2373)
FN:25,(anonymous_2374)
FN:25,__default
FN:25,(anonymous_2376)
FN:25,(anonymous_2377)
FN:25,(anonymous_2378)
FN:25,__default
FN:25,(anonymous_2380)
FN:25,(anonymous_2381)
FN:25,(anonymous_2382)
FN:25,(anonymous_2383)
FN:25,(anonymous_2384)
FN:25,__default
FN:25,(anonymous_2386)
FN:25,(anonymous_2387)
FN:25,(anonymous_2388)
FN:25,(anonymous_2389)
FN:25,(anonymous_2390)
FN:25,__default
FN:25,(anonymous_2392)
FN:25,(anonymous_2393)
FN:25,concat
FN:25,(anonymous_2395)
FN:25,(anonymous_2396)
FN:25,(anonymous_2397)
FN:25,(anonymous_2398)
FN:25,(anonymous_2399)
FN:25,(anonymous_2400)
FN:25,(anonymous_2401)
FN:25,(anonymous_2402)
FN:25,concat
FN:25,(anonymous_2404)
FN:25,(anonymous_2405)
FN:25,(anonymous_2406)
FN:25,source
FN:25,lookahead
FN:25,concat
FN:25,(anonymous_2410)
FN:25,either
FN:25,(anonymous_2412)
FN:25,(anonymous_2413)
FN:25,(anonymous_2414)
FN:25,__default
FN:25,(anonymous_2416)
FN:25,(anonymous_2417)
FN:25,(anonymous_2418)
FN:25,(anonymous_2419)
FN:25,(anonymous_2420)
FN:25,(anonymous_2421)
FN:25,(anonymous_2422)
FN:25,(anonymous_2423)
FN:25,(anonymous_2424)
FN:25,(anonymous_2425)
FN:25,(anonymous_2426)
FN:25,(anonymous_2427)
FN:25,(anonymous_2428)
FN:25,(anonymous_2429)
FN:25,(anonymous_2430)
FN:25,(anonymous_2431)
FN:25,(anonymous_2432)
FN:25,(anonymous_2433)
FN:25,(anonymous_2434)
FN:25,(anonymous_2435)
FN:25,(anonymous_2436)
FN:25,(anonymous_2437)
FN:25,(anonymous_2438)
FN:25,(anonymous_2439)
FN:25,(anonymous_2440)
FN:25,(anonymous_2441)
FN:25,(anonymous_2442)
FN:25,(anonymous_2443)
FN:25,(anonymous_2444)
FN:25,(anonymous_2445)
FN:25,(anonymous_2446)
FN:25,(anonymous_2447)
FN:25,(anonymous_2448)
FN:25,(anonymous_2449)
FN:25,(anonymous_2450)
FN:25,(anonymous_2451)
FN:25,(anonymous_2452)
FN:25,(anonymous_2453)
FN:25,(anonymous_2454)
FN:25,(anonymous_2455)
FN:25,(anonymous_2456)
FN:25,(anonymous_2457)
FN:25,(anonymous_2458)
FN:25,(anonymous_2459)
FN:25,(anonymous_2460)
FN:25,(anonymous_2461)
FN:25,(anonymous_2462)
FN:25,__default
FN:25,(anonymous_2464)
FN:25,(anonymous_2465)
FN:25,(anonymous_2466)
FN:25,__default
FN:25,(anonymous_2468)
FN:25,(anonymous_2469)
FN:25,(anonymous_2470)
FN:25,(anonymous_2471)
FN:25,(anonymous_2472)
FN:25,(anonymous_2473)
FN:25,(anonymous_2474)
FN:33,(anonymous_2475)
FN:33,filesize
FN:33,(anonymous_2477)
FN:33,(anonymous_2478)
FN:33,(anonymous_2479)
FN:33,__default
FN:33,(anonymous_2481)
FN:33,(anonymous_2482)
FN:33,(anonymous_2483)
FN:33,__default
FN:33,(anonymous_2485)
FN:33,(anonymous_2486)
FN:33,(anonymous_2487)
FN:33,(anonymous_2488)
FN:33,(anonymous_2489)
FN:33,(anonymous_2490)
FN:33,(anonymous_2491)
FN:33,(anonymous_2492)
FN:33,(anonymous_2493)
FN:33,(anonymous_2494)
FN:33,(anonymous_2495)
FN:33,(anonymous_2496)
FN:33,(anonymous_2497)
FN:33,(anonymous_2498)
FN:33,(anonymous_2499)
FN:33,(anonymous_2500)
FN:33,(anonymous_2501)
FN:33,(anonymous_2502)
FN:33,__default
FN:33,(anonymous_2504)
FN:33,(anonymous_2505)
FN:33,(anonymous_2506)
FN:33,(anonymous_2507)
FN:33,(anonymous_2508)
FN:33,(anonymous_2509)
FN:33,(anonymous_2510)
FN:33,(anonymous_2511)
FN:33,(anonymous_2512)
FN:33,(anonymous_2513)
FN:33,(anonymous_2514)
FN:33,(anonymous_2515)
FN:33,__default
FN:33,(anonymous_2517)
FN:33,(anonymous_2518)
FN:33,(anonymous_2519)
FN:33,(anonymous_2520)
FN:33,(anonymous_2521)
FN:33,(anonymous_2522)
FN:33,(anonymous_2523)
FN:33,(anonymous_2524)
FN:33,(anonymous_2525)
FN:33,(anonymous_2526)
FN:33,(anonymous_2527)
FN:33,__default
FN:33,(anonymous_2529)
FN:33,(anonymous_2530)
FN:33,(anonymous_2531)
FN:33,(anonymous_2532)
FN:33,(anonymous_2533)
FN:33,__default
FN:33,(anonymous_2535)
FN:33,(anonymous_2536)
FN:33,(anonymous_2537)
FN:33,(anonymous_2538)
FN:33,(anonymous_2539)
FN:33,(anonymous_2540)
FN:33,(anonymous_2541)
FN:33,(anonymous_2542)
FN:33,(anonymous_2543)
FN:33,__default
FN:33,(anonymous_2545)
FN:33,(anonymous_2546)
FN:33,(anonymous_2547)
FN:33,(anonymous_2548)
FN:33,(anonymous_2549)
FN:33,(anonymous_2550)
FN:33,(anonymous_2551)
FN:33,(anonymous_2552)
FN:33,(anonymous_2553)
FN:33,__default
FN:33,(anonymous_2555)
FN:33,(anonymous_2556)
FN:33,(anonymous_2557)
FN:33,(anonymous_2558)
FN:33,(anonymous_2559)
FN:33,(anonymous_2560)
FN:33,(anonymous_2561)
FN:33,(anonymous_2562)
FN:33,(anonymous_2563)
FN:33,(anonymous_2564)
FN:33,(anonymous_2565)
FN:33,(anonymous_2566)
FN:33,(anonymous_2567)
FN:33,(anonymous_2568)
FN:33,(anonymous_2569)
FN:33,(anonymous_2570)
FN:33,(anonymous_2571)
FN:33,(anonymous_2572)
FN:33,(anonymous_2573)
FN:33,(anonymous_2574)
FN:33,(anonymous_2575)
FN:33,(anonymous_2576)
FN:33,(anonymous_2577)
FN:33,(anonymous_2578)
FN:33,(anonymous_2579)
FN:33,(anonymous_2580)
FN:33,(anonymous_2581)
FN:33,__default
FN:33,(anonymous_2583)
FN:33,(anonymous_2584)
FN:33,(anonymous_2585)
FN:33,(anonymous_2586)
FN:33,(anonymous_2587)
FN:33,(anonymous_2588)
FN:33,(anonymous_2589)
FN:33,(anonymous_2590)
FN:33,(anonymous_2591)
FN:33,__default
FN:33,(anonymous_2593)
FN:33,(anonymous_2594)
FN:33,(anonymous_2595)
FN:33,(anonymous_2596)
FN:33,(anonymous_2597)
FN:33,(anonymous_2598)
FN:33,(anonymous_2599)
FN:33,(anonymous_2600)
FN:33,(anonymous_2601)
FN:33,(anonymous_2602)
FN:33,(anonymous_2603)
FN:33,(anonymous_2604)
FN:33,__default
FN:33,(anonymous_2606)
FN:33,(anonymous_2607)
FN:33,(anonymous_2608)
FN:33,(anonymous_2609)
FN:33,(anonymous_2610)
FN:33,(anonymous_2611)
FN:33,(anonymous_2612)
FN:33,(anonymous_2613)
FN:33,(anonymous_2614)
FN:33,(anonymous_2615)
FN:33,(anonymous_2616)
FN:33,(anonymous_2617)
FN:33,(anonymous_2618)
FN:33,(anonymous_2619)
FN:33,(anonymous_2620)
FN:33,(anonymous_2621)
FN:33,(anonymous_2622)
FN:33,(anonymous_2623)
FN:33,(anonymous_2624)
FN:33,(anonymous_2625)
FN:33,(anonymous_2626)
FN:33,(anonymous_2627)
FN:33,(anonymous_2628)
FN:33,(anonymous_2629)
FN:33,(anonymous_2630)
FN:33,(anonymous_2631)
FN:33,(anonymous_2632)
FN:33,(anonymous_2633)
FN:33,(anonymous_2634)
FN:33,(anonymous_2635)
FN:33,(anonymous_2636)
FN:33,(anonymous_2637)
FN:33,(anonymous_2638)
FN:33,(anonymous_2639)
FN:33,(anonymous_2640)
FN:33,(anonymous_2641)
FN:33,__default
FN:33,(anonymous_2643)
FN:33,(anonymous_2644)
FN:33,(anonymous_2645)
FN:33,(anonymous_2646)
FN:33,(anonymous_2647)
FN:33,(anonymous_2648)
FN:33,(anonymous_2649)
FN:33,(anonymous_2650)
FN:33,(anonymous_2651)
FN:33,(anonymous_2652)
FN:33,(anonymous_2653)
FN:33,(anonymous_2654)
FN:33,(anonymous_2655)
FN:33,(anonymous_2656)
FN:33,__default
FN:33,(anonymous_2658)
FN:33,(anonymous_2659)
FN:33,(anonymous_2660)
FN:33,(anonymous_2661)
FN:33,(anonymous_2662)
FN:33,(anonymous_2663)
FN:33,(anonymous_2664)
FN:33,(anonymous_2665)
FN:33,(anonymous_2666)
FN:33,(anonymous_2667)
FN:33,(anonymous_2668)
FN:33,(anonymous_2669)
FN:33,(anonymous_2670)
FN:33,__default
FN:33,(anonymous_2672)
FN:33,(anonymous_2673)
FN:33,(anonymous_2674)
FN:33,(anonymous_2675)
FN:33,(anonymous_2676)
FN:33,__default
FN:33,(anonymous_2678)
FN:33,(anonymous_2679)
FN:33,(anonymous_2680)
FN:33,(anonymous_2681)
FN:33,(anonymous_2682)
FN:33,(anonymous_2683)
FN:33,(anonymous_2684)
FN:33,(anonymous_2685)
FN:33,(anonymous_2686)
FN:33,(anonymous_2687)
FN:33,(anonymous_2688)
FN:33,(anonymous_2689)
FN:33,(anonymous_2690)
FN:33,__default
FN:33,(anonymous_2692)
FN:33,(anonymous_2693)
FN:33,(anonymous_2694)
FN:33,(anonymous_2695)
FN:33,(anonymous_2696)
FN:33,(anonymous_2697)
FN:33,(anonymous_2698)
FN:33,(anonymous_2699)
FN:33,(anonymous_2700)
FN:33,(anonymous_2701)
FN:33,(anonymous_2702)
FN:33,(anonymous_2703)
FN:33,(anonymous_2704)
FN:33,(anonymous_2705)
FN:33,(anonymous_2706)
FN:33,(anonymous_2707)
FN:33,(anonymous_2708)
FN:33,removeHandler
FN:33,(anonymous_2710)
FN:33,(anonymous_2711)
FN:33,_partial
FN:33,makeCallback
FN:33,(anonymous_2714)
FN:33,(anonymous_2715)
FN:33,(anonymous_2716)
FN:33,(anonymous_2717)
FN:33,(anonymous_2718)
FN:33,(anonymous_2719)
FN:33,(anonymous_2720)
FN:33,(anonymous_2721)
FN:33,(anonymous_2722)
FN:33,(anonymous_2723)
FN:33,(anonymous_2724)
FN:33,(anonymous_2725)
FN:33,(anonymous_2726)
FN:33,(anonymous_2727)
FN:33,(anonymous_2728)
FN:33,(anonymous_2729)
FN:33,(anonymous_2730)
FN:33,(anonymous_2731)
FN:33,(anonymous_2732)
FN:33,_setPrototypeOf
FN:33,(anonymous_2734)
FN:33,(anonymous_2735)
FN:33,_typeof
FN:33,(anonymous_2737)
FN:33,(anonymous_2738)
FN:33,(anonymous_2739)
FN:33,(anonymous_2740)
FN:33,webpackContext
FN:33,webpackContextResolve
FN:33,(anonymous_2743)
FN:33,(anonymous_2744)
FN:33,(anonymous_2745)
FN:33,(anonymous_2746)
FN:33,(anonymous_2747)
FN:33,(anonymous_2748)
FN:33,(anonymous_2749)
FN:33,(anonymous_2750)
FN:33,execIteration
FN:33,(anonymous_2752)
FN:33,(anonymous_2753)
FN:33,(anonymous_2754)
FN:33,(anonymous_2755)
FN:33,(anonymous_2756)
FN:33,(anonymous_2757)
FN:33,(anonymous_2758)
FN:33,(anonymous_2759)
FN:33,(anonymous_2760)
FN:33,(anonymous_2761)
FN:33,(anonymous_2762)
FN:33,(anonymous_2763)
FN:33,(anonymous_2764)
FN:33,(anonymous_2765)
FN:33,(anonymous_2766)
FN:33,(anonymous_2767)
FN:33,(anonymous_2768)
FN:33,(anonymous_2769)
FN:33,(anonymous_2770)
FN:33,(anonymous_2771)
FN:33,(anonymous_2772)
FN:33,(anonymous_2773)
FN:33,(anonymous_2774)
FN:33,(anonymous_2775)
FN:33,(anonymous_2776)
FN:33,(anonymous_2777)
FN:33,SafeString
FN:33,(anonymous_2779)
FN:33,(anonymous_2780)
FN:33,(anonymous_2781)
FN:33,(anonymous_2782)
FN:33,(anonymous_2783)
FN:33,(anonymous_2784)
FN:33,(anonymous_2785)
FN:33,(anonymous_2786)
FN:33,(anonymous_2787)
FN:33,(anonymous_2788)
FN:33,(anonymous_2789)
FN:33,(anonymous_2790)
FN:33,(anonymous_2791)
FN:33,ret
FN:33,main
FN:33,(anonymous_2794)
FN:33,(anonymous_2795)
FN:33,(anonymous_2796)
FN:33,(anonymous_2797)
FN:33,(anonymous_2798)
FN:33,(anonymous_2799)
FN:33,(anonymous_2800)
FN:33,(anonymous_2801)
FN:33,(anonymous_2802)
FN:33,(anonymous_2803)
FN:33,(anonymous_2804)
FN:33,wrapProgram
FN:33,prog
FN:33,noop
FN:33,initData
FN:33,executeDecorators
FN:33,(anonymous_2810)
FN:33,(anonymous_2811)
FN:33,(anonymous_2812)
FN:33,(anonymous_2813)
FN:33,(anonymous_2814)
FN:33,(anonymous_2815)
FN:33,(anonymous_2816)
FN:33,(anonymous_2817)
FN:33,(anonymous_2818)
FN:33,(anonymous_2819)
FN:33,(anonymous_2820)
FN:33,(anonymous_2821)
FN:33,(anonymous_2822)
FN:33,error
FN:33,map
FN:33,mapDomain
FN:33,ucs2decode
FN:33,ucs2encode
FN:33,(anonymous_2828)
FN:33,digitToBasic
FN:33,adapt
FN:33,decode
FN:33,encode
FN:33,(anonymous_2833)
FN:33,(anonymous_2834)
FN:33,(anonymous_2835)
FN:33,(anonymous_2836)
FN:33,(anonymous_2837)
FN:33,(anonymous_2838)
FN:33,(anonymous_2839)
FN:33,(anonymous_2840)
FN:33,(anonymous_2841)
FN:33,(anonymous_2842)
FN:33,(anonymous_2843)
FN:33,(anonymous_2844)
FN:33,(anonymous_2845)
FN:33,(anonymous_2846)
FN:33,(anonymous_2847)
FN:33,(anonymous_2848)
FN:33,(anonymous_2849)
FN:33,hasOwnProperty
FN:33,(anonymous_2851)
FN:33,(anonymous_2852)
FN:33,(anonymous_2853)
FN:33,(anonymous_2854)
FN:33,(anonymous_2855)
FN:33,(anonymous_2856)
FN:33,(anonymous_2857)
FN:33,(anonymous_2858)
FN:33,map
FN:33,(anonymous_2860)
FN:33,(anonymous_2861)
FN:33,(anonymous_2862)
FN:33,(anonymous_2863)
FN:33,(anonymous_2864)
FN:33,(anonymous_2865)
FN:33,(anonymous_2866)
FN:33,(anonymous_2867)
FN:33,(anonymous_2868)
FN:33,(anonymous_2869)
FN:33,(anonymous_2870)
FN:33,(anonymous_2871)
FN:33,(anonymous_2872)
FN:33,(anonymous_2873)
FN:33,(anonymous_2874)
FN:33,(anonymous_2875)
FN:33,(anonymous_2876)
FN:33,(anonymous_2877)
FN:33,(anonymous_2878)
FN:33,(anonymous_2879)
FN:33,(anonymous_2880)
FN:33,(anonymous_2881)
FN:33,(anonymous_2882)
FN:33,(anonymous_2883)
FN:33,(anonymous_2884)
FN:33,(anonymous_2885)
FN:33,__default
FN:33,(anonymous_2887)
FN:33,(anonymous_2888)
FN:33,(anonymous_2889)
FN:33,(anonymous_2890)
FN:33,(anonymous_2891)
FN:33,(anonymous_2892)
FN:33,(anonymous_2893)
FN:33,(anonymous_2894)
FN:33,(anonymous_2895)
FN:33,(anonymous_2896)
FN:33,(anonymous_2897)
FN:33,(anonymous_2898)
FN:33,(anonymous_2899)
FN:33,(anonymous_2900)
FN:33,statusBar
FN:33,(anonymous_2902)
FN:33,(anonymous_2903)
FN:33,(anonymous_2904)
FN:33,(anonymous_2905)
FN:33,(anonymous_2906)
FN:33,(anonymous_2907)
FN:33,(anonymous_2908)
FN:33,(anonymous_2909)
FN:33,(anonymous_2910)
FN:33,(anonymous_2911)
FN:33,(anonymous_2912)
FN:33,(anonymous_2913)
FN:33,(anonymous_2914)
FN:33,(anonymous_2915)
FN:33,(anonymous_2916)
FN:33,isDef
FN:33,(anonymous_2918)
FN:33,(anonymous_2919)
FN:33,__default
FN:33,(anonymous_2921)
FN:33,(anonymous_2922)
FN:33,(anonymous_2923)
FN:33,(anonymous_2924)
FN:33,(anonymous_2925)
FN:33,(anonymous_2926)
FN:33,(anonymous_2927)
FN:33,(anonymous_2928)
FN:33,(anonymous_2929)
FN:33,(anonymous_2930)
FN:33,(anonymous_2931)
FN:33,(anonymous_2932)
FN:33,(anonymous_2933)
FN:33,(anonymous_2934)
FN:33,(anonymous_2935)
FN:33,(anonymous_2936)
FN:33,(anonymous_2937)
FN:33,(anonymous_2938)
FN:33,(anonymous_2939)
FN:33,(anonymous_2940)
FN:33,(anonymous_2941)
FN:33,(anonymous_2942)
FN:33,(anonymous_2943)
FN:33,(anonymous_2944)
FN:33,(anonymous_2945)
FN:33,(anonymous_2946)
FN:33,(anonymous_2947)
FN:33,(anonymous_2948)
FN:33,(anonymous_2949)
FN:33,(anonymous_2950)
FN:33,(anonymous_2951)
FN:33,(anonymous_2952)
FN:33,(anonymous_2953)
FN:33,(anonymous_2954)
FN:33,(anonymous_2955)
FN:33,(anonymous_2956)
FN:33,(anonymous_2957)
FN:33,(anonymous_2958)
FN:33,(anonymous_2959)
FN:33,(anonymous_2960)
FN:33,(anonymous_2961)
FN:33,(anonymous_2962)
FN:33,(anonymous_2963)
FN:33,(anonymous_2964)
FN:33,(anonymous_2965)
FN:33,(anonymous_2966)
FN:33,(anonymous_2967)
FN:33,(anonymous_2968)
FN:33,(anonymous_2969)
FN:33,(anonymous_2970)
FN:33,(anonymous_2971)
FN:33,(anonymous_2972)
FN:33,(anonymous_2973)
FN:33,(anonymous_2974)
FN:33,(anonymous_2975)
FN:33,(anonymous_2976)
FN:33,(anonymous_2977)
FN:33,(anonymous_2978)
FN:33,(anonymous_2979)
FN:33,(anonymous_2980)
FN:33,tickIncrement
FN:33,tickStep
FN:33,(anonymous_2983)
FN:33,(anonymous_2984)
FN:33,Map
FN:33,map_map
FN:33,(anonymous_2987)
FN:33,(anonymous_2988)
FN:33,(anonymous_2989)
FN:33,(anonymous_2990)
FN:33,(anonymous_2991)
FN:33,(anonymous_2992)
FN:33,(anonymous_2993)
FN:33,(anonymous_2994)
FN:33,(anonymous_2995)
FN:33,(anonymous_2996)
FN:33,(anonymous_2997)
FN:33,(anonymous_2998)
FN:33,Set
FN:33,set
FN:33,(anonymous_3001)
FN:33,(anonymous_3002)
FN:33,ordinal
FN:33,scale
FN:33,(anonymous_3005)
FN:33,(anonymous_3006)
FN:33,(anonymous_3007)
FN:33,(anonymous_3008)
FN:33,band
FN:33,rescale
FN:33,(anonymous_3011)
FN:33,(anonymous_3012)
FN:33,(anonymous_3013)
FN:33,(anonymous_3014)
FN:33,(anonymous_3015)
FN:33,(anonymous_3016)
FN:33,(anonymous_3017)
FN:33,(anonymous_3018)
FN:33,(anonymous_3019)
FN:33,(anonymous_3020)
FN:33,(anonymous_3021)
FN:33,(anonymous_3022)
FN:33,band_point
FN:33,pointish
FN:33,(anonymous_3025)
FN:33,(anonymous_3026)
FN:33,(anonymous_3027)
FN:33,(anonymous_3028)
FN:33,extend
FN:33,Color
FN:33,color_formatHex
FN:33,color_formatRgb
FN:33,color_color
FN:33,rgbn
FN:33,rgba
FN:33,rgbConvert
FN:33,color_rgb
FN:33,Rgb
FN:33,rgb_formatHex
FN:33,rgb_formatRgb
FN:33,hex
FN:33,hsla
FN:33,hslConvert
FN:33,Hsl
FN:33,hsl2rgb
FN:33,basis
FN:33,(anonymous_3047)
FN:33,(anonymous_3048)
FN:33,(anonymous_3049)
FN:33,(anonymous_3050)
FN:33,(anonymous_3051)
FN:33,(anonymous_3052)
FN:33,(anonymous_3053)
FN:33,(anonymous_3054)
FN:33,(anonymous_3055)
FN:33,(anonymous_3056)
FN:33,(anonymous_3057)
FN:33,(anonymous_3058)
FN:33,(anonymous_3059)
FN:33,(anonymous_3060)
FN:33,(anonymous_3061)
FN:33,linear
FN:33,(anonymous_3063)
FN:33,gamma
FN:33,(anonymous_3065)
FN:33,(anonymous_3066)
FN:33,(anonymous_3067)
FN:33,nogamma
FN:33,rgbGamma
FN:33,rgb
FN:33,(anonymous_3071)
FN:33,rgbSpline
FN:33,(anonymous_3073)
FN:33,(anonymous_3074)
FN:33,(anonymous_3075)
FN:33,(anonymous_3076)
FN:33,(anonymous_3077)
FN:33,(anonymous_3078)
FN:33,(anonymous_3079)
FN:33,(anonymous_3080)
FN:33,isNumberArray
FN:33,genericArray
FN:33,(anonymous_3083)
FN:33,(anonymous_3084)
FN:33,(anonymous_3085)
FN:33,(anonymous_3086)
FN:33,(anonymous_3087)
FN:33,(anonymous_3088)
FN:33,(anonymous_3089)
FN:33,(anonymous_3090)
FN:33,(anonymous_3091)
FN:33,(anonymous_3092)
FN:33,(anonymous_3093)
FN:33,(anonymous_3094)
FN:33,(anonymous_3095)
FN:33,(anonymous_3096)
FN:33,(anonymous_3097)
FN:33,(anonymous_3098)
FN:33,(anonymous_3099)
FN:33,deinterpolateLinear
FN:33,(anonymous_3101)
FN:33,bimap
FN:33,(anonymous_3103)
FN:33,polymap
FN:33,(anonymous_3105)
FN:33,copy
FN:33,continuous
FN:33,rescale
FN:33,scale
FN:33,(anonymous_3110)
FN:33,(anonymous_3111)
FN:33,(anonymous_3112)
FN:33,(anonymous_3113)
FN:33,(anonymous_3114)
FN:33,(anonymous_3115)
FN:33,(anonymous_3116)
FN:33,(anonymous_3117)
FN:33,(anonymous_3118)
FN:33,(anonymous_3119)
FN:33,(anonymous_3120)
FN:33,(anonymous_3121)
FN:33,formatSpecifier
FN:33,FormatSpecifier
FN:33,(anonymous_3124)
FN:33,formatDecimalParts
FN:33,(anonymous_3126)
FN:33,(anonymous_3127)
FN:33,(anonymous_3128)
FN:33,(anonymous_3129)
FN:33,(anonymous_3130)
FN:33,(anonymous_3131)
FN:33,(anonymous_3132)
FN:33,(anonymous_3133)
FN:33,(anonymous_3134)
FN:33,(anonymous_3135)
FN:33,(anonymous_3136)
FN:33,(anonymous_3137)
FN:33,(anonymous_3138)
FN:33,(anonymous_3139)
FN:33,(anonymous_3140)
FN:33,(anonymous_3141)
FN:33,(anonymous_3142)
FN:33,(anonymous_3143)
FN:33,(anonymous_3144)
FN:33,(anonymous_3145)
FN:33,newFormat
FN:33,format
FN:33,(anonymous_3148)
FN:33,(anonymous_3149)
FN:33,(anonymous_3150)
FN:33,(anonymous_3151)
FN:33,(anonymous_3152)
FN:33,(anonymous_3153)
FN:33,(anonymous_3154)
FN:33,(anonymous_3155)
FN:33,linearish
FN:33,(anonymous_3157)
FN:33,(anonymous_3158)
FN:33,(anonymous_3159)
FN:33,linear_linear
FN:33,(anonymous_3161)
FN:33,raise
FN:33,sqrt
FN:33,pow
FN:33,(anonymous_3165)
FN:33,(anonymous_3166)
FN:33,(anonymous_3167)
FN:33,(anonymous_3168)
FN:33,(anonymous_3169)
FN:33,(anonymous_3170)
FN:33,newInterval
FN:33,interval
FN:33,(anonymous_3173)
FN:33,(anonymous_3174)
FN:33,(anonymous_3175)
FN:33,(anonymous_3176)
FN:33,(anonymous_3177)
FN:33,(anonymous_3178)
FN:33,(anonymous_3179)
FN:33,(anonymous_3180)
FN:33,(anonymous_3181)
FN:33,(anonymous_3182)
FN:33,(anonymous_3183)
FN:33,(anonymous_3184)
FN:33,(anonymous_3185)
FN:33,(anonymous_3186)
FN:33,(anonymous_3187)
FN:33,(anonymous_3188)
FN:33,(anonymous_3189)
FN:33,(anonymous_3190)
FN:33,(anonymous_3191)
FN:33,(anonymous_3192)
FN:33,(anonymous_3193)
FN:33,(anonymous_3194)
FN:33,(anonymous_3195)
FN:33,weekday
FN:33,(anonymous_3197)
FN:33,(anonymous_3198)
FN:33,(anonymous_3199)
FN:33,(anonymous_3200)
FN:33,(anonymous_3201)
FN:33,(anonymous_3202)
FN:33,(anonymous_3203)
FN:33,(anonymous_3204)
FN:33,(anonymous_3205)
FN:33,(anonymous_3206)
FN:33,(anonymous_3207)
FN:33,(anonymous_3208)
FN:33,(anonymous_3209)
FN:33,(anonymous_3210)
FN:33,(anonymous_3211)
FN:33,(anonymous_3212)
FN:33,(anonymous_3213)
FN:33,(anonymous_3214)
FN:33,(anonymous_3215)
FN:33,(anonymous_3216)
FN:33,(anonymous_3217)
FN:33,(anonymous_3218)
FN:33,(anonymous_3219)
FN:33,(anonymous_3220)
FN:33,(anonymous_3221)
FN:33,(anonymous_3222)
FN:33,utcWeekday
FN:33,(anonymous_3224)
FN:33,(anonymous_3225)
FN:33,(anonymous_3226)
FN:33,(anonymous_3227)
FN:33,(anonymous_3228)
FN:33,(anonymous_3229)
FN:33,(anonymous_3230)
FN:33,(anonymous_3231)
FN:33,(anonymous_3232)
FN:33,(anonymous_3233)
FN:33,(anonymous_3234)
FN:33,(anonymous_3235)
FN:33,(anonymous_3236)
FN:33,(anonymous_3237)
FN:33,localDate
FN:33,utcDate
FN:33,newDate
FN:33,pad
FN:33,requote
FN:33,formatRe
FN:33,formatLookup
FN:33,parseWeekdayNumberSunday
FN:33,parseWeekdayNumberMonday
FN:33,parseWeekNumberSunday
FN:33,parseWeekNumberISO
FN:33,parseWeekNumberMonday
FN:33,parseFullYear
FN:33,parseYear
FN:33,parseZone
FN:33,parseQuarter
FN:33,parseMonthNumber
FN:33,parseDayOfMonth
FN:33,parseDayOfYear
FN:33,parseHour24
FN:33,parseMinutes
FN:33,parseSeconds
FN:33,parseMilliseconds
FN:33,parseMicroseconds
FN:33,parseLiteralPercent
FN:33,parseUnixTimestamp
FN:33,parseUnixTimestampSeconds
FN:33,formatDayOfMonth
FN:33,formatHour24
FN:33,formatHour12
FN:33,formatDayOfYear
FN:33,formatMilliseconds
FN:33,formatMicroseconds
FN:33,formatMonthNumber
FN:33,formatMinutes
FN:33,formatSeconds
FN:33,formatWeekdayNumberMonday
FN:33,formatWeekNumberSunday
FN:33,dISO
FN:33,formatWeekNumberISO
FN:33,formatWeekdayNumberSunday
FN:33,formatWeekNumberMonday
FN:33,locale_formatYear
FN:33,formatYearISO
FN:33,formatFullYear
FN:33,formatFullYearISO
FN:33,formatZone
FN:33,formatUTCDayOfMonth
FN:33,formatUTCHour24
FN:33,formatUTCHour12
FN:33,formatUTCDayOfYear
FN:33,formatUTCMilliseconds
FN:33,formatUTCMicroseconds
FN:33,formatUTCMonthNumber
FN:33,formatUTCMinutes
FN:33,formatUTCSeconds
FN:33,formatUTCWeekdayNumberMonday
FN:33,formatUTCWeekNumberSunday
FN:33,UTCdISO
FN:33,formatUTCWeekNumberISO
FN:33,formatUTCWeekdayNumberSunday
FN:33,formatUTCWeekNumberMonday
FN:33,formatUTCYear
FN:33,formatUTCYearISO
FN:33,formatUTCFullYear
FN:33,formatUTCFullYearISO
FN:33,formatUTCZone
FN:33,formatLiteralPercent
FN:33,formatUnixTimestamp
FN:33,formatUnixTimestampSeconds
FN:33,(anonymous_3308)
FN:33,(anonymous_3309)
FN:33,(anonymous_3310)
FN:33,(anonymous_3311)
FN:33,(anonymous_3312)
FN:33,(anonymous_3313)
FN:33,(anonymous_3314)
FN:33,(anonymous_3315)
FN:33,(anonymous_3316)
FN:33,(anonymous_3317)
FN:33,(anonymous_3318)
FN:33,(anonymous_3319)
FN:33,(anonymous_3320)
FN:33,(anonymous_3321)
FN:33,(anonymous_3322)
FN:33,(anonymous_3323)
FN:33,(anonymous_3324)
FN:33,(anonymous_3325)
FN:33,(anonymous_3326)
FN:33,(anonymous_3327)
FN:33,(anonymous_3328)
FN:33,(anonymous_3329)
FN:33,newFormat
FN:33,(anonymous_3331)
FN:33,newParse
FN:33,(anonymous_3333)
FN:33,parseSpecifier
FN:33,(anonymous_3335)
FN:33,(anonymous_3336)
FN:33,(anonymous_3337)
FN:33,(anonymous_3338)
FN:33,(anonymous_3339)
FN:33,(anonymous_3340)
FN:33,(anonymous_3341)
FN:33,(anonymous_3342)
FN:33,(anonymous_3343)
FN:33,(anonymous_3344)
FN:33,(anonymous_3345)
FN:33,(anonymous_3346)
FN:33,(anonymous_3347)
FN:33,(anonymous_3348)
FN:33,(anonymous_3349)
FN:33,(anonymous_3350)
FN:33,(anonymous_3351)
FN:33,(anonymous_3352)
FN:33,(anonymous_3353)
FN:33,(anonymous_3354)
FN:33,(anonymous_3355)
FN:33,(anonymous_3356)
FN:33,cubehelixConvert
FN:33,cubehelix_cubehelix
FN:33,Cubehelix
FN:33,src_cubehelix_cubehelix
FN:33,cubehelixGamma
FN:33,cubehelix
FN:33,(anonymous_3363)
FN:33,(anonymous_3364)
FN:33,(anonymous_3365)
FN:33,(anonymous_3366)
FN:33,(anonymous_3367)
FN:33,ramp
FN:33,(anonymous_3369)
FN:33,(anonymous_3370)
FN:33,(anonymous_3371)
FN:33,(anonymous_3372)
FN:33,(anonymous_3373)
FN:33,stackValue
FN:33,Path
FN:33,path_path
FN:33,(anonymous_3377)
FN:33,(anonymous_3378)
FN:33,(anonymous_3379)
FN:33,(anonymous_3380)
FN:33,(anonymous_3381)
FN:33,(anonymous_3382)
FN:33,(anonymous_3383)
FN:33,(anonymous_3384)
FN:33,(anonymous_3385)
FN:33,Linear
FN:33,(anonymous_3387)
FN:33,(anonymous_3388)
FN:33,(anonymous_3389)
FN:33,(anonymous_3390)
FN:33,(anonymous_3391)
FN:33,(anonymous_3392)
FN:33,point_x
FN:33,point_y
FN:33,(anonymous_3395)
FN:33,line
FN:33,(anonymous_3397)
FN:33,(anonymous_3398)
FN:33,(anonymous_3399)
FN:33,(anonymous_3400)
FN:33,(anonymous_3401)
FN:33,(anonymous_3402)
FN:33,translateX
FN:33,translateY
FN:33,axis_number
FN:33,(anonymous_3406)
FN:33,center
FN:33,(anonymous_3408)
FN:33,entering
FN:33,axis_axis
FN:33,axis
FN:33,(anonymous_3412)
FN:33,(anonymous_3413)
FN:33,(anonymous_3414)
FN:33,(anonymous_3415)
FN:33,(anonymous_3416)
FN:33,(anonymous_3417)
FN:33,(anonymous_3418)
FN:33,(anonymous_3419)
FN:33,(anonymous_3420)
FN:33,(anonymous_3421)
FN:33,(anonymous_3422)
FN:33,(anonymous_3423)
FN:33,(anonymous_3424)
FN:33,axisBottom
FN:33,selector_none
FN:33,(anonymous_3427)
FN:33,(anonymous_3428)
FN:33,selectorAll_empty
FN:33,(anonymous_3430)
FN:33,(anonymous_3431)
FN:33,(anonymous_3432)
FN:33,(anonymous_3433)
FN:33,(anonymous_3434)
FN:33,EnterNode
FN:33,(anonymous_3436)
FN:33,(anonymous_3437)
FN:33,(anonymous_3438)
FN:33,(anonymous_3439)
FN:33,bindIndex
FN:33,bindKey
FN:33,sort_ascending
FN:33,(anonymous_3443)
FN:33,attrRemove
FN:33,(anonymous_3445)
FN:33,attrRemoveNS
FN:33,(anonymous_3447)
FN:33,attrConstant
FN:33,(anonymous_3449)
FN:33,attrConstantNS
FN:33,(anonymous_3451)
FN:33,attrFunction
FN:33,(anonymous_3453)
FN:33,attrFunctionNS
FN:33,(anonymous_3455)
FN:33,(anonymous_3456)
FN:33,styleRemove
FN:33,(anonymous_3458)
FN:33,styleConstant
FN:33,(anonymous_3460)
FN:33,styleFunction
FN:33,(anonymous_3462)
FN:33,styleValue
FN:33,propertyRemove
FN:33,(anonymous_3465)
FN:33,propertyConstant
FN:33,(anonymous_3467)
FN:33,propertyFunction
FN:33,(anonymous_3469)
FN:33,classArray
FN:33,classList
FN:33,ClassList
FN:33,classedAdd
FN:33,classedRemove
FN:33,classedTrue
FN:33,(anonymous_3476)
FN:33,classedFalse
FN:33,(anonymous_3478)
FN:33,classedFunction
FN:33,(anonymous_3480)
FN:33,(anonymous_3481)
FN:33,(anonymous_3482)
FN:33,(anonymous_3483)
FN:33,textRemove
FN:33,textConstant
FN:33,(anonymous_3486)
FN:33,textFunction
FN:33,(anonymous_3488)
FN:33,htmlRemove
FN:33,htmlConstant
FN:33,(anonymous_3491)
FN:33,htmlFunction
FN:33,(anonymous_3493)
FN:33,raise_raise
FN:33,lower
FN:33,creatorInherit
FN:33,(anonymous_3497)
FN:33,creatorFixed
FN:33,(anonymous_3499)
FN:33,(anonymous_3500)
FN:33,constantNull
FN:33,remove_remove
FN:33,selection_cloneShallow
FN:33,selection_cloneDeep
FN:33,filterContextListener
FN:33,(anonymous_3506)
FN:33,contextListener
FN:33,(anonymous_3508)
FN:33,parseTypenames
FN:33,(anonymous_3510)
FN:33,onRemove
FN:33,(anonymous_3512)
FN:33,onAdd
FN:33,(anonymous_3514)
FN:33,customEvent
FN:33,dispatchEvent
FN:33,dispatchConstant
FN:33,(anonymous_3518)
FN:33,dispatchFunction
FN:33,(anonymous_3520)
FN:33,Selection
FN:33,selection_selection
FN:33,(anonymous_3523)
FN:33,(anonymous_3524)
FN:33,(anonymous_3525)
FN:33,(anonymous_3526)
FN:33,(anonymous_3527)
FN:33,(anonymous_3528)
FN:33,(anonymous_3529)
FN:33,(anonymous_3530)
FN:33,(anonymous_3531)
FN:33,(anonymous_3532)
FN:33,(anonymous_3533)
FN:33,(anonymous_3534)
FN:33,compareNode
FN:33,(anonymous_3536)
FN:33,(anonymous_3537)
FN:33,(anonymous_3538)
FN:33,(anonymous_3539)
FN:33,(anonymous_3540)
FN:33,(anonymous_3541)
FN:33,(anonymous_3542)
FN:33,(anonymous_3543)
FN:33,(anonymous_3544)
FN:33,(anonymous_3545)
FN:33,(anonymous_3546)
FN:33,(anonymous_3547)
FN:33,(anonymous_3548)
FN:33,(anonymous_3549)
FN:33,(anonymous_3550)
FN:33,(anonymous_3551)
FN:33,(anonymous_3552)
FN:33,(anonymous_3553)
FN:33,(anonymous_3554)
FN:33,(anonymous_3555)
FN:33,(anonymous_3556)
FN:33,(anonymous_3557)
FN:33,(anonymous_3558)
FN:33,(anonymous_3559)
FN:33,(anonymous_3560)
FN:33,(anonymous_3561)
FN:33,_createSuper
FN:33,(anonymous_3563)
FN:33,(anonymous_3564)
FN:33,(anonymous_3565)
FN:33,(anonymous_3566)
FN:33,BaseChartView
FN:33,(anonymous_3568)
FN:33,(anonymous_3569)
FN:33,(anonymous_3570)
FN:33,(anonymous_3571)
FN:33,(anonymous_3572)
FN:33,(anonymous_3573)
FN:33,(anonymous_3574)
FN:33,(anonymous_3575)
FN:33,(anonymous_3576)
FN:33,(anonymous_3577)
FN:33,(anonymous_3578)
FN:33,(anonymous_3579)
FN:33,(anonymous_3580)
FN:33,ownKeys
FN:33,(anonymous_3582)
FN:33,_objectSpread
FN:33,(anonymous_3584)
FN:33,(anonymous_3585)
FN:33,TrendChartView_createSuper
FN:33,(anonymous_3587)
FN:33,(anonymous_3588)
FN:33,(anonymous_3589)
FN:33,(anonymous_3590)
FN:33,TrendChartView
FN:33,(anonymous_3592)
FN:33,(anonymous_3593)
FN:33,stack
FN:33,(anonymous_3595)
FN:33,(anonymous_3596)
FN:33,(anonymous_3597)
FN:33,(anonymous_3598)
FN:33,(anonymous_3599)
FN:33,(anonymous_3600)
FN:33,(anonymous_3601)
FN:33,(anonymous_3602)
FN:33,(anonymous_3603)
FN:33,(anonymous_3604)
FN:33,(anonymous_3605)
FN:33,(anonymous_3606)
FN:33,(anonymous_3607)
FN:33,(anonymous_3608)
FN:33,area
FN:33,arealine
FN:33,(anonymous_3611)
FN:33,(anonymous_3612)
FN:33,(anonymous_3613)
FN:33,(anonymous_3614)
FN:33,(anonymous_3615)
FN:33,(anonymous_3616)
FN:33,(anonymous_3617)
FN:33,(anonymous_3618)
FN:33,(anonymous_3619)
FN:33,(anonymous_3620)
FN:33,(anonymous_3621)
FN:33,(anonymous_3622)
FN:33,(anonymous_3623)
FN:33,(anonymous_3624)
FN:33,(anonymous_3625)
FN:33,(anonymous_3626)
FN:33,(anonymous_3627)
FN:33,(anonymous_3628)
FN:33,(anonymous_3629)
FN:33,(anonymous_3630)
FN:33,(anonymous_3631)
FN:33,(anonymous_3632)
FN:33,(anonymous_3633)
[...]
BRDA:2,3325,0,0
BRDA:2,3325,1,0
BRDA:2,3326,0,0
BRDA:2,3326,1,0
BRDA:2,3327,0,0
BRDA:2,3327,1,0
BRDA:2,3328,0,0
BRDA:2,3328,1,0
BRDA:2,3329,0,0
BRDA:2,3329,1,0
BRDA:2,3330,0,0
BRDA:2,3330,1,0
BRDA:2,3331,0,0
BRDA:2,3331,1,0
BRDA:2,3332,0,0
BRDA:2,3332,1,0
BRDA:2,3333,0,0
BRDA:2,3333,1,0
BRDA:2,3334,0,0
BRDA:2,3334,1,0
BRDA:2,3334,2,0
BRDA:2,3335,0,0
BRDA:2,3335,1,0
BRDA:2,3336,0,0
BRDA:2,3336,1,0
BRDA:2,3337,0,0
BRDA:2,3337,1,0
BRDA:2,3338,0,0
BRDA:2,3338,1,0
BRDA:2,3339,0,0
BRDA:2,3339,1,0
BRDA:2,3340,0,0
BRDA:2,3340,1,0
BRDA:2,3341,0,0
BRDA:2,3341,1,0
BRDA:2,3342,0,0
BRDA:2,3342,1,0
BRDA:2,3343,0,0
BRDA:2,3343,1,0
BRDA:2,3344,0,0
BRDA:2,3344,1,0
BRDA:2,3345,0,0
BRDA:2,3345,1,0
BRDA:2,3346,0,0
BRDA:2,3346,1,0
BRDA:2,3347,0,0
BRDA:2,3347,1,0
BRDA:2,3348,0,0
BRDA:2,3348,1,0
BRDA:2,3349,0,0
BRDA:2,3349,1,0
BRDA:2,3350,0,0
BRDA:2,3350,1,0
BRDA:2,3351,0,0
BRDA:2,3351,1,0
BRDA:2,3352,0,0
BRDA:2,3352,1,0
BRDA:2,3353,0,0
BRDA:2,3353,1,0
BRDA:2,3353,2,0
BRDA:2,3353,3,0
BRDA:2,3353,4,0
BRDA:2,3353,5,0
BRDA:2,3354,0,0
BRDA:2,3354,1,0
BRDA:2,3354,2,0
BRDA:2,3354,3,0
BRDA:2,3355,0,0
BRDA:2,3355,1,0
BRDA:2,3356,0,0
BRDA:2,3356,1,0
BRDA:2,3356,2,0
BRDA:2,3356,3,0
BRDA:2,3356,4,0
BRDA:2,3356,5,0
BRDA:2,3356,6,0
BRDA:2,3356,7,0
BRDA:2,3356,8,0
BRDA:2,3356,9,0
BRDA:2,3356,10,0
BRDA:2,3356,11,0
BRDA:2,3356,12,0
BRDA:2,3356,13,0
BRDA:2,3357,0,0
BRDA:2,3357,1,0
BRDA:2,3358,0,0
BRDA:2,3358,1,0
BRDA:2,3358,2,0
BRDA:2,3359,0,0
BRDA:2,3359,1,0
BRDA:2,3359,2,0
BRDA:2,3359,3,0
BRDA:2,3360,0,0
BRDA:2,3360,1,0
BRDA:2,3361,0,0
BRDA:2,3361,1,0
BRDA:2,3362,0,0
BRDA:2,3362,1,0
BRDA:2,3362,2,0
BRDA:2,3363,0,0
BRDA:2,3363,1,0
BRDA:2,3364,0,0
BRDA:2,3364,1,0
BRDA:2,3365,0,0
BRDA:2,3365,1,0
BRDA:2,3366,0,0
BRDA:2,3366,1,0
BRDA:2,3367,0,0
BRDA:2,3367,1,0
BRDA:2,3367,2,0
BRDA:2,3367,3,0
BRDA:2,3367,4,0
BRDA:2,3367,5,0
BRDA:2,3367,6,0
BRDA:2,3368,0,0
BRDA:2,3368,1,0
BRDA:2,3369,0,0
BRDA:2,3369,1,0
BRDA:2,3370,0,0
BRDA:2,3370,1,0
BRDA:2,3371,0,0
BRDA:2,3371,1,0
BRDA:2,3372,0,0
BRDA:2,3372,1,0
BRDA:2,3373,0,0
BRDA:2,3373,1,0
BRDA:2,3374,0,0
BRDA:2,3374,1,0
BRDA:2,3375,0,0
BRDA:2,3375,1,0
BRDA:2,3376,0,0
BRDA:2,3376,1,0
BRDA:2,3377,0,0
BRDA:2,3377,1,0
BRDA:2,3378,0,0
BRDA:2,3378,1,0
BRDA:2,3378,2,0
BRDA:2,3378,3,0
BRDA:2,3379,0,0
BRDA:2,3379,1,0
BRDA:2,3380,0,0
BRDA:2,3380,1,0
BRDA:2,3381,0,0
BRDA:2,3381,1,0
BRDA:2,3381,2,0
BRDA:2,3381,3,0
BRDA:2,3382,0,0
BRDA:2,3382,1,0
BRDA:2,3383,0,0
BRDA:2,3383,1,0
BRDA:2,3384,0,0
BRDA:2,3384,1,0
BRDA:2,3385,0,0
BRDA:2,3385,1,0
BRDA:2,3386,0,0
BRDA:2,3386,1,0
BRDA:2,3387,0,0
BRDA:2,3387,1,0
BRDA:2,3388,0,0
BRDA:2,3388,1,0
BRDA:2,3389,0,0
BRDA:2,3389,1,0
BRDA:2,3390,0,0
BRDA:2,3390,1,0
BRDA:2,3391,0,0
BRDA:2,3391,1,0
BRDA:2,3392,0,0
BRDA:2,3392,1,0
BRDA:2,3393,0,0
BRDA:2,3393,1,0
BRDA:2,3394,0,0
BRDA:2,3394,1,0
BRDA:2,3395,0,0
BRDA:2,3395,1,0
BRDA:2,3396,0,0
BRDA:2,3396,1,0
BRDA:2,3397,0,0
BRDA:2,3397,1,0
BRDA:2,3398,0,0
BRDA:2,3398,1,0
BRDA:2,3399,0,0
BRDA:2,3399,1,0
BRDA:2,3400,0,0
BRDA:2,3400,1,0
BRDA:2,3401,0,0
BRDA:2,3401,1,0
BRDA:2,3402,0,0
BRDA:2,3402,1,0
BRDA:2,3403,0,0
BRDA:2,3403,1,0
BRDA:2,3404,0,0
BRDA:2,3404,1,0
BRDA:2,3405,0,0
BRDA:2,3405,1,0
BRDA:2,3405,2,0
BRDA:2,3405,3,0
BRDA:2,3405,4,0
BRDA:2,3406,0,0
BRDA:2,3406,1,0
BRDA:2,3407,0,0
BRDA:2,3407,1,0
BRDA:2,3408,0,0
BRDA:2,3408,1,0
BRDA:2,3409,0,0
BRDA:2,3409,1,0
BRDA:2,3410,0,0
BRDA:2,3410,1,0
BRDA:2,3411,0,0
BRDA:2,3411,1,0
BRDA:2,3412,0,0
BRDA:2,3412,1,0
BRDA:2,3413,0,0
BRDA:2,3413,1,0
BRDA:2,3414,0,0
BRDA:2,3414,1,0
BRDA:2,3415,0,0
BRDA:2,3415,1,0
BRDA:2,3416,0,0
BRDA:2,3416,1,0
BRDA:2,3417,0,0
BRDA:2,3417,1,0
BRDA:2,3418,0,0
BRDA:2,3418,1,0
BRDA:2,3419,0,0
BRDA:2,3419,1,0
BRDA:2,3420,0,0
BRDA:2,3420,1,0
BRDA:2,3420,2,0
BRDA:2,3421,0,0
BRDA:2,3421,1,0
BRDA:2,3422,0,0
BRDA:2,3422,1,0
BRDA:2,3423,0,0
BRDA:2,3423,1,0
BRDA:2,3423,2,0
BRDA:2,3423,3,0
BRDA:2,3424,0,0
BRDA:2,3424,1,0
BRDA:2,3425,0,0
BRDA:2,3425,1,0
BRDA:2,3426,0,0
BRDA:2,3426,1,0
BRDA:2,3427,0,0
BRDA:2,3427,1,0
BRDA:2,3428,0,0
BRDA:2,3428,1,0
BRDA:2,3429,0,0
BRDA:2,3429,1,0
BRDA:2,3430,0,0
BRDA:2,3430,1,0
BRDA:2,3431,0,0
BRDA:2,3431,1,0
BRDA:2,3432,0,0
BRDA:2,3432,1,0
BRDA:2,3433,0,0
BRDA:2,3433,1,0
BRDA:2,3434,0,0
BRDA:2,3434,1,0
BRDA:2,3434,2,0
BRDA:2,3434,3,0
BRDA:2,3434,4,0
BRDA:2,3434,5,0
BRDA:2,3435,0,0
BRDA:2,3435,1,0
BRDA:2,3435,2,0
BRDA:2,3435,3,0
BRDA:2,3435,4,0
BRDA:2,3435,5,0
BRDA:2,3436,0,0
BRDA:2,3436,1,0
BRDA:2,3437,0,0
BRDA:2,3437,1,0
BRDA:2,3438,0,0
BRDA:2,3438,1,0
BRDA:2,3439,0,0
BRDA:2,3439,1,0
BRDA:2,3440,0,0
BRDA:2,3440,1,0
BRDA:2,3441,0,0
BRDA:2,3441,1,0
BRDA:2,3442,0,0
BRDA:2,3442,1,0
BRDA:2,3443,0,0
BRDA:2,3443,1,0
BRDA:2,3444,0,0
BRDA:2,3444,1,0
BRDA:2,3444,2,0
BRDA:2,3445,0,0
BRDA:2,3445,1,0
BRDA:2,3446,0,0
BRDA:2,3446,1,0
BRDA:2,3447,0,0
BRDA:2,3447,1,0
BRDA:2,3448,0,0
BRDA:2,3448,1,0
BRDA:2,3449,0,0
BRDA:2,3449,1,0
BRDA:2,3450,0,0
BRDA:2,3450,1,0
BRDA:2,3451,0,0
BRDA:2,3451,1,0
BRDA:2,3452,0,0
BRDA:2,3452,1,0
BRDA:2,3453,0,0
BRDA:2,3453,1,0
BRDA:2,3454,0,0
BRDA:2,3454,1,0
BRDA:2,3455,0,0
BRDA:2,3455,1,0
BRDA:2,3456,0,0
BRDA:2,3456,1,0
BRDA:2,3457,0,0
BRDA:2,3457,1,0
BRDA:2,3458,0,0
BRDA:2,3458,1,0
BRDA:2,3459,0,0
BRDA:2,3459,1,0
BRDA:2,3460,0,0
BRDA:2,3460,1,0
BRDA:2,3461,0,0
BRDA:2,3461,1,0
BRDA:2,3462,0,0
BRDA:2,3462,1,0
BRDA:2,3462,2,0
BRDA:2,3462,3,0
BRDA:2,3462,4,0
BRDA:2,3463,0,0
BRDA:2,3463,1,0
BRDA:2,3464,0,0
BRDA:2,3464,1,0
BRDA:2,3465,0,0
BRDA:2,3465,1,0
BRDA:2,3466,0,0
BRDA:2,3466,1,0
BRDA:2,3467,0,0
BRDA:2,3467,1,0
BRDA:2,3468,0,0
BRDA:2,3468,1,0
BRDA:2,3469,0,0
BRDA:2,3469,1,0
BRDA:2,3470,0,0
BRDA:2,3470,1,0
BRDA:2,3471,0,0
BRDA:2,3471,1,0
BRDA:2,3472,0,0
BRDA:2,3472,1,0
BRDA:2,3473,0,0
BRDA:2,3473,1,0
BRDA:2,3474,0,0
BRDA:2,3474,1,0
BRDA:2,3475,0,0
BRDA:2,3475,1,0
BRDA:2,3476,0,0
BRDA:2,3476,1,0
BRDA:2,3477,0,0
BRDA:2,3477,1,0
BRDA:2,3478,0,0
BRDA:2,3478,1,0
BRDA:2,3479,0,0
BRDA:2,3479,1,0
BRDA:2,3480,0,0
BRDA:2,3480,1,0
BRDA:2,3481,0,0
BRDA:2,3481,1,0
BRDA:2,3482,0,0
BRDA:2,3482,1,0
BRDA:2,3482,2,0
BRDA:2,3483,0,0
BRDA:2,3483,1,0
BRDA:2,3484,0,0
BRDA:2,3484,1,0
BRDA:2,3485,0,0
BRDA:2,3485,1,0
BRDA:2,3486,0,0
BRDA:2,3486,1,0
BRDA:2,3487,0,0
BRDA:2,3487,1,0
BRDA:2,3488,0,0
BRDA:2,3488,1,0
BRDA:2,3489,0,0
BRDA:2,3489,1,0
BRDA:2,3490,0,0
BRDA:2,3490,1,0
BRDA:2,3491,0,0
BRDA:2,3491,1,0
BRDA:2,3492,0,0
BRDA:2,3492,1,0
BRDA:2,3493,0,0
BRDA:2,3493,1,0
BRDA:2,3494,0,0
BRDA:2,3494,1,0
BRDA:2,3495,0,0
BRDA:2,3495,1,0
BRDA:2,3496,0,0
BRDA:2,3496,1,0
BRDA:2,3497,0,0
BRDA:2,3497,1,0
BRDA:2,3497,2,0
BRDA:2,3498,0,0
BRDA:2,3498,1,0
BRDA:2,3499,0,0
BRDA:2,3499,1,0
BRDA:2,3500,0,0
BRDA:2,3500,1,0
BRDA:2,3501,0,0
BRDA:2,3501,1,0
BRDA:2,3502,0,0
BRDA:2,3502,1,0
BRDA:2,3503,0,0
BRDA:2,3503,1,0
BRDA:2,3504,0,0
BRDA:2,3504,1,0
BRDA:2,3505,0,0
BRDA:2,3505,1,0
BRDA:2,3506,0,0
BRDA:2,3506,1,0
BRDA:2,3507,0,0
BRDA:2,3507,1,0
BRDA:2,3508,0,0
BRDA:2,3508,1,0
BRDA:2,3509,0,0
BRDA:2,3509,1,0
BRDA:2,3510,0,0
BRDA:2,3510,1,0
BRDA:2,3511,0,0
BRDA:2,3511,1,0
BRDA:2,3512,0,0
BRDA:2,3512,1,0
BRDA:2,3513,0,0
BRDA:2,3513,1,0
BRDA:2,3514,0,0
BRDA:2,3514,1,0
BRDA:2,3515,0,0
BRDA:2,3515,1,0
BRDA:2,3516,0,0
BRDA:2,3516,1,0
BRDA:2,3517,0,0
BRDA:2,3517,1,0
BRDA:2,3517,2,0
BRDA:2,3517,3,0
BRDA:2,3518,0,0
BRDA:2,3518,1,0
BRDA:2,3519,0,0
BRDA:2,3519,1,0
BRDA:2,3520,0,0
BRDA:2,3520,1,0
BRDA:2,3521,0,0
BRDA:2,3521,1,0
BRDA:2,3522,0,0
BRDA:2,3522,1,0
BRDA:2,3522,2,0
BRDA:2,3523,0,0
BRDA:2,3523,1,0
BRDA:2,3524,0,0
BRDA:2,3524,1,0
BRDA:2,3525,0,0
BRDA:2,3525,1,0
BRDA:2,3526,0,0
BRDA:2,3526,1,0
BRDA:2,3527,0,0
BRDA:2,3527,1,0
BRDA:2,3528,0,0
BRDA:2,3528,1,0
BRDA:2,3529,0,0
BRDA:2,3529,1,0
BRDA:2,3530,0,0
BRDA:2,3530,1,0
BRDA:2,3531,0,0
BRDA:2,3531,1,0
BRDA:2,3532,0,0
BRDA:2,3532,1,0
BRDA:2,3533,0,0
BRDA:2,3533,1,0
BRDA:2,3534,0,0
BRDA:2,3534,1,0
BRDA:2,3535,0,0
BRDA:2,3535,1,0
BRDA:2,3536,0,0
BRDA:2,3536,1,0
BRDA:2,3537,0,0
BRDA:2,3537,1,0
BRDA:2,3538,0,0
BRDA:2,3538,1,0
BRDA:2,3539,0,0
BRDA:2,3539,1,0
BRDA:2,3539,2,0
BRDA:2,3539,3,0
BRDA:2,3540,0,0
BRDA:2,3540,1,0
BRDA:2,3541,0,0
BRDA:2,3541,1,0
BRDA:2,3542,0,0
BRDA:2,3542,1,0
BRDA:2,3543,0,0
BRDA:2,3543,1,0
BRDA:2,3544,0,0
BRDA:2,3544,1,0
BRDA:2,3545,0,0
BRDA:2,3545,1,0
BRDA:2,3546,0,0
BRDA:2,3546,1,0
BRDA:2,3546,2,0
BRDA:2,3547,0,0
BRDA:2,3547,1,0
BRDA:2,3548,0,0
BRDA:2,3548,1,0
BRDA:2,3549,0,0
BRDA:2,3549,1,0
BRDA:2,3550,0,0
BRDA:2,3550,1,0
BRDA:2,3551,0,0
BRDA:2,3551,1,0
BRDA:2,3552,0,0
BRDA:2,3552,1,0
BRDA:2,3553,0,0
BRDA:2,3553,1,0
BRDA:2,3554,0,0
BRDA:2,3554,1,0
BRDA:2,3555,0,0
BRDA:2,3555,1,0
BRDA:2,3555,2,0
BRDA:2,3556,0,0
BRDA:2,3556,1,0
BRDA:2,3557,0,0
BRDA:2,3557,1,0
BRDA:2,3558,0,0
BRDA:2,3558,1,0
BRDA:2,3559,0,0
BRDA:2,3559,1,0
BRDA:2,3560,0,0
BRDA:2,3560,1,0
BRDA:2,3561,0,0
BRDA:2,3561,1,0
BRDA:2,3562,0,0
BRDA:2,3562,1,0
BRDA:2,3563,0,0
BRDA:2,3563,1,0
BRDA:2,3564,0,0
BRDA:2,3564,1,0
BRDA:2,3565,0,0
BRDA:2,3565,1,0
BRDA:2,3566,0,0
BRDA:2,3566,1,0
BRDA:2,3567,0,0
BRDA:2,3567,1,0
BRDA:2,3568,0,0
BRDA:2,3568,1,0
BRDA:2,3569,0,0
BRDA:2,3569,1,0
BRDA:2,3569,2,0
BRDA:2,3569,3,0
BRDA:2,3570,0,0
BRDA:2,3570,1,0
BRDA:2,3571,0,0
BRDA:2,3571,1,0
BRDA:2,3572,0,0
BRDA:2,3572,1,0
BRDA:2,3573,0,0
BRDA:2,3573,1,0
BRDA:2,3574,0,0
BRDA:2,3574,1,0
BRDA:2,3575,0,0
BRDA:2,3575,1,0
BRDA:2,3576,0,0
BRDA:2,3576,1,0
BRDA:2,3576,2,0
BRDA:2,3577,0,0
BRDA:2,3577,1,0
BRDA:2,3578,0,0
BRDA:2,3578,1,0
BRDA:2,3579,0,0
BRDA:2,3579,1,0
BRDA:2,3580,0,0
BRDA:2,3580,1,0
BRDA:2,3581,0,0
BRDA:2,3581,1,0
BRDA:2,3582,0,0
BRDA:2,3582,1,0
BRDA:2,3583,0,0
BRDA:2,3583,1,0
BRDA:2,3584,0,0
BRDA:2,3584,1,0
BRDA:2,3585,0,0
BRDA:2,3585,1,0
BRDA:2,3586,0,0
BRDA:2,3586,1,0
BRDA:2,3587,0,0
BRDA:2,3587,1,0
BRDA:2,3588,0,0
BRDA:2,3588,1,0
BRDA:2,3589,0,0
BRDA:2,3589,1,0
BRDA:2,3590,0,0
BRDA:2,3590,1,0
BRDA:2,3591,0,0
BRDA:2,3591,1,0
BRDA:2,3591,2,0
BRDA:2,3591,3,0
BRDA:2,3592,0,0
BRDA:2,3592,1,0
BRDA:2,3593,0,0
BRDA:2,3593,1,0
BRDA:2,3594,0,0
BRDA:2,3594,1,0
BRDA:2,3595,0,0
BRDA:2,3595,1,0
BRDA:2,3596,0,0
BRDA:2,3596,1,0
BRDA:2,3597,0,0
BRDA:2,3597,1,0
BRDA:2,3598,0,0
BRDA:2,3598,1,0
BRDA:2,3598,2,0
BRDA:2,3599,0,0
BRDA:2,3599,1,0
BRDA:2,3600,0,0
BRDA:2,3600,1,0
BRDA:2,3601,0,0
BRDA:2,3601,1,0
BRDA:2,3602,0,0
BRDA:2,3602,1,0
BRDA:2,3603,0,0
BRDA:2,3603,1,0
BRDA:2,3604,0,0
BRDA:2,3604,1,0
BRDA:2,3605,0,0
BRDA:2,3605,1,0
BRDA:2,3606,0,0
BRDA:2,3606,1,0
BRDA:2,3607,0,0
BRDA:2,3607,1,0
BRDA:2,3608,0,0
BRDA:2,3608,1,0
BRDA:2,3609,0,0
BRDA:2,3609,1,0
BRDA:2,3609,2,0
BRDA:2,3610,0,0
BRDA:2,3610,1,0
BRDA:2,3610,2,0
BRDA:2,3610,3,0
BRDA:2,3611,0,0
BRDA:2,3611,1,0
BRDA:2,3611,2,0
BRDA:2,3611,3,0
BRDA:2,3611,4,0
BRDA:2,3612,0,0
BRDA:2,3612,1,0
BRDA:2,3612,2,0
BRDA:2,3613,0,0
BRDA:2,3613,1,0
BRDA:2,3614,0,0
BRDA:2,3614,1,0
BRDA:2,3615,0,0
BRDA:2,3615,1,0
BRDA:2,3616,0,0
BRDA:2,3616,1,0
BRDA:2,3617,0,0
BRDA:2,3617,1,0
BRDA:2,3617,2,0
BRDA:2,3618,0,0
BRDA:2,3618,1,0
BRDA:2,3618,2,0
BRDA:2,3619,0,0
BRDA:2,3619,1,0
BRDA:2,3619,2,0
BRDA:2,3620,0,0
BRDA:2,3620,1,0
BRDA:2,3620,2,0
BRDA:2,3621,0,0
BRDA:2,3621,1,0
BRDA:2,3621,2,0
BRDA:2,3621,3,0
BRDA:2,3621,4,0
BRDA:2,3621,5,0
BRDA:2,3622,0,0
BRDA:2,3622,1,0
BRDA:2,3623,0,0
BRDA:2,3623,1,0
BRDA:2,3624,0,0
BRDA:2,3624,1,0
BRDA:2,3625,0,0
BRDA:2,3625,1,0
BRDA:2,3626,0,0
BRDA:2,3626,1,0
BRDA:2,3627,0,0
BRDA:2,3627,1,0
BRDA:2,3628,0,0
BRDA:2,3628,1,0
BRDA:2,3628,2,0
BRDA:2,3629,0,0
BRDA:2,3629,1,0
BRDA:2,3630,0,0
BRDA:2,3630,1,0
BRDA:2,3631,0,0
BRDA:2,3631,1,0
BRDA:2,3632,0,0
BRDA:2,3632,1,0
BRDA:2,3633,0,0
BRDA:2,3633,1,0
BRDA:2,3634,0,0
BRDA:2,3634,1,0
BRDA:2,3635,0,0
BRDA:2,3635,1,0
BRDA:2,3636,0,0
BRDA:2,3636,1,0
BRDA:2,3637,0,0
BRDA:2,3637,1,0
BRDA:2,3638,0,0
BRDA:2,3638,1,0
BRDA:2,3639,0,0
BRDA:2,3639,1,0
BRDA:2,3640,0,0
BRDA:2,3640,1,0
BRDA:2,3641,0,0
BRDA:2,3641,1,0
BRDA:2,3642,0,0
BRDA:2,3642,1,0
BRDA:2,3643,0,0
BRDA:2,3643,1,0
BRDA:2,3644,0,0
BRDA:2,3644,1,0
BRDA:2,3644,2,0
BRDA:2,3644,3,0
BRDA:2,3645,0,0
BRDA:2,3645,1,0
BRDA:2,3646,0,0
BRDA:2,3646,1,0
BRDA:2,3647,0,0
BRDA:2,3647,1,0
BRDA:2,3648,0,0
BRDA:2,3648,1,0
BRDA:2,3649,0,0
BRDA:2,3649,1,0
BRDA:2,3650,0,0
BRDA:2,3650,1,0
BRDA:2,3651,0,0
BRDA:2,3651,1,0
BRDA:2,3652,0,0
BRDA:2,3652,1,0
BRDA:2,3653,0,0
BRDA:2,3653,1,0
BRDA:2,3653,2,0
BRDA:2,3654,0,0
BRDA:2,3654,1,0
BRDA:2,3655,0,0
BRDA:2,3655,1,0
BRDA:2,3656,0,0
BRDA:2,3656,1,0
BRDA:2,3657,0,0
BRDA:2,3657,1,0
BRDA:2,3658,0,0
BRDA:2,3658,1,0
BRDA:2,3659,0,0
BRDA:2,3659,1,0
BRDA:2,3659,2,0
BRDA:2,3659,3,0
BRDA:2,3659,4,0
BRDA:2,3659,5,0
BRDA:2,3660,0,0
BRDA:2,3660,1,0
BRDA:2,3660,2,0
BRDA:2,3660,3,0
BRDA:2,3660,4,0
BRDA:2,3661,0,0
BRDA:2,3661,1,0
BRDA:2,3662,0,0
BRDA:2,3662,1,0
BRDA:2,3663,0,0
BRDA:2,3663,1,0
BRDA:2,3664,0,0
BRDA:2,3664,1,0
BRDA:2,3665,0,0
BRDA:2,3665,1,0
BRDA:2,3666,0,0
BRDA:2,3666,1,0
BRDA:2,3667,0,0
BRDA:2,3667,1,0
BRDA:2,3668,0,0
BRDA:2,3668,1,0
BRDA:2,3669,0,0
BRDA:2,3669,1,0
BRDA:2,3670,0,0
BRDA:2,3670,1,0
BRDA:2,3671,0,0
BRDA:2,3671,1,0
BRDA:2,3672,0,0
BRDA:2,3672,1,0
BRDA:2,3673,0,0
BRDA:2,3673,1,0
BRDA:2,3674,0,0
BRDA:2,3674,1,0
BRDA:2,3675,0,0
BRDA:2,3675,1,0
BRDA:2,3676,0,0
BRDA:2,3676,1,0
BRDA:2,3677,0,0
BRDA:2,3677,1,0
BRDA:2,3678,0,0
BRDA:2,3678,1,0
BRDA:2,3679,0,0
BRDA:2,3679,1,0
BRDA:2,3680,0,0
BRDA:2,3680,1,0
BRDA:2,3680,2,0
BRDA:2,3680,3,0
BRDA:2,3681,0,0
BRDA:2,3681,1,0
BRDA:2,3682,0,0
BRDA:2,3682,1,0
BRDA:2,3683,0,0
BRDA:2,3683,1,0
BRDA:2,3684,0,0
BRDA:2,3684,1,0
BRDA:2,3685,0,0
BRDA:2,3685,1,0
BRDA:2,3686,0,0
BRDA:2,3686,1,0
BRDA:2,3686,2,0
BRDA:2,3687,0,0
BRDA:2,3687,1,0
BRDA:2,3688,0,0
BRDA:2,3688,1,0
BRDA:2,3689,0,0
BRDA:2,3689,1,0
BRDA:2,3690,0,0
BRDA:2,3690,1,0
BRDA:2,3691,0,0
BRDA:2,3691,1,0
BRDA:2,3692,0,0
BRDA:2,3692,1,0
BRDA:2,3693,0,0
BRDA:2,3693,1,0
BRDA:2,3694,0,0
BRDA:2,3694,1,0
BRDA:2,3695,0,0
BRDA:2,3695,1,0
BRDA:2,3696,0,0
BRDA:2,3696,1,0
BRDA:2,3696,2,0
BRDA:2,3696,3,0
BRDA:2,3697,0,0
BRDA:2,3697,1,0
BRDA:2,3698,0,0
BRDA:2,3698,1,0
BRDA:2,3699,0,0
BRDA:2,3699,1,0
BRDA:2,3700,0,0
BRDA:2,3700,1,0
BRDA:2,3701,0,0
BRDA:2,3701,1,0
BRDA:2,3702,0,0
BRDA:2,3702,1,0
BRDA:2,3703,0,0
BRDA:2,3703,1,0
BRDA:2,3704,0,0
BRDA:2,3704,1,0
BRDA:2,3705,0,0
BRDA:2,3705,1,0
BRDA:2,3706,0,0
BRDA:2,3706,1,0
BRDA:2,3707,0,0
BRDA:2,3707,1,0
BRDA:2,3707,2,0
BRDA:2,3708,0,0
BRDA:2,3708,1,0
BRDA:2,3709,0,0
BRDA:2,3709,1,0
BRDA:2,3710,0,0
BRDA:2,3710,1,0
BRDA:2,3711,0,0
BRDA:2,3711,1,0
BRDA:2,3712,0,0
BRDA:2,3712,1,0
BRDA:2,3713,0,0
BRDA:2,3713,1,0
BRDA:2,3714,0,0
BRDA:2,3714,1,0
BRDA:2,3715,0,0
BRDA:2,3715,1,0
BRDA:2,3715,2,0
BRDA:2,3715,3,0
BRDA:2,3716,0,0
BRDA:2,3716,1,0
BRDA:2,3717,0,0
BRDA:2,3717,1,0
BRDA:2,3718,0,0
BRDA:2,3718,1,0
BRDA:2,3719,0,0
BRDA:2,3719,1,0
BRDA:2,3720,0,0
BRDA:2,3720,1,0
BRDA:2,3720,2,0
BRDA:2,3721,0,0
BRDA:2,3721,1,0
BRDA:2,3722,0,0
BRDA:2,3722,1,0
BRDA:2,3723,0,0
BRDA:2,3723,1,0
BRDA:2,3724,0,0
BRDA:2,3724,1,0
BRDA:2,3725,0,0
BRDA:2,3725,1,0
BRDA:2,3725,2,0
BRDA:2,3726,0,0
BRDA:2,3726,1,0
BRDA:2,3727,0,0
BRDA:2,3727,1,0
BRDA:2,3728,0,0
BRDA:2,3728,1,0
BRDA:2,3729,0,0
BRDA:2,3729,1,0
BRDA:2,3729,2,0
BRDA:2,3730,0,0
BRDA:2,3730,1,0
BRDA:2,3731,0,0
BRDA:2,3731,1,0
BRDA:2,3732,0,0
BRDA:2,3732,1,0
BRDA:2,3733,0,0
BRDA:2,3733,1,0
BRDA:2,3733,2,0
BRDA:2,3734,0,0
BRDA:2,3734,1,0
BRDA:2,3735,0,0
BRDA:2,3735,1,0
BRDA:2,3736,0,0
BRDA:2,3736,1,0
BRDA:2,3737,0,0
BRDA:2,3737,1,0
BRDA:2,3738,0,0
BRDA:2,3738,1,0
BRDA:2,3739,0,0
BRDA:2,3739,1,0
BRDA:2,3740,0,0
BRDA:2,3740,1,0
BRDA:2,3741,0,0
BRDA:2,3741,1,0
BRDA:2,3741,2,0
BRDA:2,3742,0,0
BRDA:2,3742,1,0
BRDA:2,3743,0,0
BRDA:2,3743,1,0
BRDA:2,3744,0,0
BRDA:2,3744,1,0
BRDA:2,3745,0,0
BRDA:2,3745,1,0
BRDA:2,3746,0,0
BRDA:2,3746,1,0
BRDA:2,3747,0,0
BRDA:2,3747,1,0
BRDA:2,3748,0,0
BRDA:2,3748,1,0
BRDA:2,3749,0,0
BRDA:2,3749,1,0
BRDA:2,3750,0,0
BRDA:2,3750,1,0
BRDA:2,3751,0,0
BRDA:2,3751,1,0
BRDA:2,3752,0,0
BRDA:2,3752,1,0
BRDA:2,3753,0,0
BRDA:2,3753,1,0
BRDA:2,3754,0,0
BRDA:2,3754,1,0
BRDA:2,3755,0,0
BRDA:2,3755,1,0
BRDA:2,3756,0,0
BRDA:2,3756,1,0
BRDA:2,3757,0,0
BRDA:2,3757,1,0
BRDA:2,3758,0,0
BRDA:2,3758,1,0
BRDA:2,3759,0,0
BRDA:2,3759,1,0
BRDA:2,3759,2,0
BRDA:2,3759,3,0
BRDA:2,3760,0,0
BRDA:2,3760,1,0
BRDA:2,3761,0,0
BRDA:2,3761,1,0
BRDA:2,3762,0,0
BRDA:2,3762,1,0
BRDA:2,3763,0,0
BRDA:2,3763,1,0
BRDA:2,3764,0,0
BRDA:2,3764,1,0
BRDA:2,3765,0,0
BRDA:2,3765,1,0
BRDA:2,3766,0,0
BRDA:2,3766,1,0
BRDA:2,3767,0,0
BRDA:2,3767,1,0
BRDA:2,3768,0,0
BRDA:2,3768,1,0
BRDA:2,3768,2,0
BRDA:2,3769,0,0
BRDA:2,3769,1,0
BRDA:2,3770,0,0
BRDA:2,3770,1,0
BRDA:2,3771,0,0
BRDA:2,3771,1,0
BRDA:2,3772,0,0
BRDA:2,3772,1,0
BRDA:2,3773,0,0
BRDA:2,3773,1,0
BRDA:2,3774,0,0
BRDA:2,3774,1,0
BRDA:2,3775,0,0
BRDA:2,3775,1,0
BRDA:2,3776,0,0
BRDA:2,3776,1,0
BRDA:2,3777,0,0
BRDA:2,3777,1,0
BRDA:2,3778,0,0
BRDA:2,3778,1,0
BRDA:2,3779,0,0
BRDA:2,3779,1,0
BRDA:2,3780,0,0
BRDA:2,3780,1,0
BRDA:2,3781,0,0
BRDA:2,3781,1,0
BRDA:2,3781,2,0
BRDA:2,3782,0,0
BRDA:2,3782,1,0
BRDA:2,3783,0,0
BRDA:2,3783,1,0
BRDA:2,3784,0,0
BRDA:2,3784,1,0
BRDA:2,3784,2,0
BRDA:2,3785,0,0
BRDA:2,3785,1,0
BRDA:2,3785,2,0
BRDA:2,3785,3,0
BRDA:2,3786,0,0
BRDA:2,3786,1,0
BRDA:2,3787,0,0
BRDA:2,3787,1,0
BRDA:2,3788,0,0
BRDA:2,3788,1,0
BRDA:2,3789,0,0
BRDA:2,3789,1,0
BRDA:2,3790,0,0
BRDA:2,3790,1,0
BRDA:2,3790,2,0
BRDA:2,3791,0,0
BRDA:2,3791,1,0
BRDA:2,3792,0,0
BRDA:2,3792,1,0
BRDA:2,3793,0,0
BRDA:2,3793,1,0
BRDA:2,3793,2,0
BRDA:2,3793,3,0
BRDA:2,3794,0,0
BRDA:2,3794,1,0
BRDA:2,3795,0,0
BRDA:2,3795,1,0
BRDA:2,3796,0,0
BRDA:2,3796,1,0
BRDA:2,3797,0,0
BRDA:2,3797,1,0
BRDA:2,3798,0,0
BRDA:2,3798,1,0
BRDA:2,3798,2,0
BRDA:2,3798,3,0
BRDA:2,3799,0,0
BRDA:2,3799,1,0
BRDA:2,3800,0,0
BRDA:2,3800,1,0
BRDA:2,3801,0,0
BRDA:2,3801,1,0
BRDA:2,3802,0,0
BRDA:2,3802,1,0
BRDA:2,3803,0,0
BRDA:2,3803,1,0
BRDA:2,3803,2,0
BRDA:2,3804,0,0
BRDA:2,3804,1,0
BRDA:2,3805,0,0
BRDA:2,3805,1,0
BRDA:2,3806,0,0
BRDA:2,3806,1,0
BRDA:2,3807,0,0
BRDA:2,3807,1,0
BRDA:2,3808,0,0
BRDA:2,3808,1,0
BRDA:2,3809,0,0
BRDA:2,3809,1,0
BRDA:2,3810,0,0
BRDA:2,3810,1,0
BRDA:2,3811,0,0
BRDA:2,3811,1,0
BRDA:2,3812,0,0
BRDA:2,3812,1,0
BRDA:2,3813,0,0
BRDA:2,3813,1,0
BRDA:2,3814,0,0
BRDA:2,3814,1,0
BRDA:2,3815,0,0
BRDA:2,3815,1,0
BRDA:2,3816,0,0
BRDA:2,3816,1,0
BRDA:2,3817,0,0
BRDA:2,3817,1,0
BRDA:2,3818,0,0
BRDA:2,3818,1,0
BRDA:2,3819,0,0
BRDA:2,3819,1,0
BRDA:2,3820,0,0
BRDA:2,3820,1,0
BRDA:2,3821,0,0
BRDA:2,3821,1,0
BRDA:2,3822,0,0
BRDA:2,3822,1,0
BRDA:2,3822,2,0
BRDA:2,3822,3,0
BRDA:2,3823,0,0
BRDA:2,3823,1,0
BRDA:2,3824,0,0
BRDA:2,3824,1,0
BRDA:2,3825,0,0
BRDA:2,3825,1,0
BRDA:2,3826,0,0
BRDA:2,3826,1,0
BRDA:2,3827,0,0
BRDA:2,3827,1,0
BRDA:2,3827,2,0
BRDA:2,3828,0,0
BRDA:2,3828,1,0
BRDA:2,3829,0,0
BRDA:2,3829,1,0
BRDA:2,3830,0,0
BRDA:2,3830,1,0
BRDA:2,3831,0,0
BRDA:2,3831,1,0
BRDA:2,3832,0,0
BRDA:2,3832,1,0
BRDA:2,3833,0,0
BRDA:2,3833,1,0
BRDA:2,3834,0,0
BRDA:2,3834,1,0
BRDA:2,3835,0,0
BRDA:2,3835,1,0
BRDA:2,3836,0,0
BRDA:2,3836,1,0
BRDA:2,3837,0,0
BRDA:2,3837,1,0
BRDA:2,3838,0,0
BRDA:2,3838,1,0
BRDA:2,3839,0,0
BRDA:2,3839,1,0
BRDA:2,3840,0,0
BRDA:2,3840,1,0
BRDA:2,3841,0,0
BRDA:2,3841,1,0
BRDA:2,3842,0,0
BRDA:2,3842,1,0
BRDA:2,3843,0,0
BRDA:2,3843,1,0
BRDA:2,3844,0,0
BRDA:2,3844,1,0
BRDA:2,3845,0,0
BRDA:2,3845,1,0
BRDA:2,3846,0,0
BRDA:2,3846,1,0
BRDA:2,3847,0,0
BRDA:2,3847,1,0
BRDA:2,3847,2,0
BRDA:2,3848,0,0
BRDA:2,3848,1,0
BRDA:2,3849,0,0
BRDA:2,3849,1,0
BRDA:2,3849,2,0
BRDA:2,3850,0,0
BRDA:2,3850,1,0
BRDA:2,3851,0,0
BRDA:2,3851,1,0
BRDA:2,3852,0,0
BRDA:2,3852,1,0
BRDA:2,3853,0,0
BRDA:2,3853,1,0
BRDA:2,3854,0,0
BRDA:2,3854,1,0
BRDA:2,3855,0,0
BRDA:2,3855,1,0
BRDA:2,3856,0,0
BRDA:2,3856,1,0
BRDA:2,3856,2,0
BRDA:2,3856,3,0
BRDA:2,3856,4,0
BRDA:2,3856,5,0
BRDA:2,3857,0,0
BRDA:2,3857,1,0
BRDA:2,3857,2,0
BRDA:2,3857,3,0
BRDA:2,3857,4,0
BRDA:2,3857,5,0
BRDA:2,3857,6,0
BRDA:2,3857,7,0
BRDA:2,3857,8,0
BRDA:2,3858,0,0
BRDA:2,3858,1,0
BRDA:2,3859,0,0
BRDA:2,3859,1,0
BRDA:2,3860,0,0
BRDA:2,3860,1,0
BRDA:2,3860,2,0
BRDA:2,3860,3,0
BRDA:2,3861,0,0
BRDA:2,3861,1,0
BRDA:2,3862,0,0
BRDA:2,3862,1,0
BRDA:2,3863,0,0
BRDA:2,3863,1,0
BRDA:2,3864,0,0
BRDA:2,3864,1,0
BRDA:2,3865,0,0
BRDA:2,3865,1,0
BRDA:2,3866,0,0
BRDA:2,3866,1,0
BRDA:2,3867,0,0
BRDA:2,3867,1,0
BRDA:2,3868,0,0
BRDA:2,3868,1,0
BRDA:2,3869,0,0
BRDA:2,3869,1,0
BRDA:2,3870,0,0
BRDA:2,3870,1,0
BRDA:2,3871,0,0
BRDA:2,3871,1,0
BRDA:2,3872,0,0
BRDA:2,3872,1,0
BRDA:2,3873,0,0
BRDA:2,3873,1,0
BRDA:2,3874,0,0
BRDA:2,3874,1,0
BRDA:2,3875,0,0
BRDA:2,3875,1,0
BRDA:2,3876,0,0
BRDA:2,3876,1,0
BRDA:2,3877,0,0
BRDA:2,3877,1,0
BRDA:2,3878,0,0
BRDA:2,3878,1,0
BRDA:2,3879,0,0
BRDA:2,3879,1,0
BRDA:2,3880,0,0
BRDA:2,3880,1,0
BRF:8776
BRH:0
end_of_record
